{"C:\\Users\\abous\\OneDrive\\Bureau\\FlowPi\\IntegratedProjectManagementApplication\\index.js": {"path":"C:\\Users\\abous\\OneDrive\\Bureau\\FlowPi\\IntegratedProjectManagementApplication\\index.js","statementMap":{"0":{"start":{"line":1,"column":16},"end":{"line":1,"column":34}},"1":{"start":{"line":2,"column":17},"end":{"line":2,"column":36}},"2":{"start":{"line":3,"column":15},"end":{"line":3,"column":32}},"3":{"start":{"line":4,"column":16},"end":{"line":4,"column":42}},"4":{"start":{"line":5,"column":13},"end":{"line":5,"column":28}},"5":{"start":{"line":6,"column":35},"end":{"line":6,"column":67}},"6":{"start":{"line":7,"column":12},"end":{"line":7,"column":35}},"7":{"start":{"line":8,"column":14},"end":{"line":8,"column":35}},"8":{"start":{"line":9,"column":14},"end":{"line":9,"column":30}},"9":{"start":{"line":10,"column":0},"end":{"line":10,"column":27}},"10":{"start":{"line":12,"column":13},"end":{"line":12,"column":37}},"11":{"start":{"line":13,"column":19},"end":{"line":13,"column":49}},"12":{"start":{"line":14,"column":22},"end":{"line":14,"column":55}},"13":{"start":{"line":15,"column":23},"end":{"line":15,"column":57}},"14":{"start":{"line":16,"column":19},"end":{"line":16,"column":49}},"15":{"start":{"line":17,"column":20},"end":{"line":17,"column":51}},"16":{"start":{"line":18,"column":22},"end":{"line":18,"column":55}},"17":{"start":{"line":19,"column":22},"end":{"line":19,"column":55}},"18":{"start":{"line":20,"column":26},"end":{"line":20,"column":63}},"19":{"start":{"line":21,"column":17},"end":{"line":21,"column":36}},"20":{"start":{"line":22,"column":0},"end":{"line":22,"column":35}},"21":{"start":{"line":23,"column":13},"end":{"line":23,"column":28}},"22":{"start":{"line":24,"column":0},"end":{"line":24,"column":22}},"23":{"start":{"line":25,"column":0},"end":{"line":25,"column":16}},"24":{"start":{"line":27,"column":19},"end":{"line":27,"column":43}},"25":{"start":{"line":28,"column":0},"end":{"line":32,"column":3}},"26":{"start":{"line":35,"column":0},"end":{"line":39,"column":3}},"27":{"start":{"line":41,"column":0},"end":{"line":41,"column":35}},"28":{"start":{"line":44,"column":12},"end":{"line":44,"column":21}},"29":{"start":{"line":45,"column":0},"end":{"line":54,"column":4}},"30":{"start":{"line":55,"column":0},"end":{"line":55,"column":70}},"31":{"start":{"line":56,"column":0},"end":{"line":56,"column":24}},"32":{"start":{"line":57,"column":0},"end":{"line":57,"column":48}},"33":{"start":{"line":58,"column":0},"end":{"line":58,"column":69}},"34":{"start":{"line":59,"column":0},"end":{"line":62,"column":38}},"35":{"start":{"line":61,"column":14},"end":{"line":61,"column":49}},"36":{"start":{"line":62,"column":18},"end":{"line":62,"column":36}},"37":{"start":{"line":63,"column":0},"end":{"line":70,"column":2}},"38":{"start":{"line":71,"column":0},"end":{"line":71,"column":31}},"39":{"start":{"line":72,"column":0},"end":{"line":72,"column":28}},"40":{"start":{"line":75,"column":0},"end":{"line":75,"column":36}},"41":{"start":{"line":76,"column":0},"end":{"line":76,"column":39}},"42":{"start":{"line":77,"column":0},"end":{"line":77,"column":34}},"43":{"start":{"line":78,"column":0},"end":{"line":78,"column":48}},"44":{"start":{"line":79,"column":0},"end":{"line":79,"column":40}},"45":{"start":{"line":80,"column":0},"end":{"line":80,"column":41}},"46":{"start":{"line":81,"column":0},"end":{"line":81,"column":34}},"47":{"start":{"line":82,"column":0},"end":{"line":82,"column":40}},"48":{"start":{"line":85,"column":0},"end":{"line":104,"column":3}},"49":{"start":{"line":86,"column":2},"end":{"line":103,"column":3}},"50":{"start":{"line":87,"column":37},"end":{"line":87,"column":45}},"51":{"start":{"line":89,"column":4},"end":{"line":91,"column":5}},"52":{"start":{"line":90,"column":6},"end":{"line":90,"column":81}},"53":{"start":{"line":94,"column":21},"end":{"line":96,"column":6}},"54":{"start":{"line":98,"column":27},"end":{"line":98,"column":55}},"55":{"start":{"line":99,"column":4},"end":{"line":99,"column":45}},"56":{"start":{"line":101,"column":4},"end":{"line":101,"column":35}},"57":{"start":{"line":102,"column":4},"end":{"line":102,"column":54}},"58":{"start":{"line":107,"column":18},"end":{"line":119,"column":1}},"59":{"start":{"line":108,"column":2},"end":{"line":118,"column":3}},"60":{"start":{"line":109,"column":4},"end":{"line":112,"column":7}},"61":{"start":{"line":113,"column":4},"end":{"line":113,"column":40}},"62":{"start":{"line":114,"column":4},"end":{"line":114,"column":16}},"63":{"start":{"line":116,"column":4},"end":{"line":116,"column":53}},"64":{"start":{"line":117,"column":4},"end":{"line":117,"column":17}},"65":{"start":{"line":122,"column":20},"end":{"line":130,"column":1}},"66":{"start":{"line":123,"column":17},"end":{"line":123,"column":86}},"67":{"start":{"line":123,"column":40},"end":{"line":123,"column":85}},"68":{"start":{"line":126,"column":13},"end":{"line":126,"column":43}},"69":{"start":{"line":127,"column":2},"end":{"line":127,"column":20}},"70":{"start":{"line":129,"column":2},"end":{"line":129,"column":16}},"71":{"start":{"line":134,"column":0},"end":{"line":137,"column":1}},"72":{"start":{"line":135,"column":2},"end":{"line":135,"column":14}},"73":{"start":{"line":136,"column":2},"end":{"line":136,"column":25}},"74":{"start":{"line":138,"column":0},"end":{"line":178,"column":2}},"75":{"start":{"line":141,"column":4},"end":{"line":144,"column":5}},"76":{"start":{"line":142,"column":6},"end":{"line":142,"column":58}},"77":{"start":{"line":143,"column":6},"end":{"line":143,"column":75}},"78":{"start":{"line":146,"column":4},"end":{"line":146,"column":51}},"79":{"start":{"line":149,"column":18},"end":{"line":153,"column":5}},"80":{"start":{"line":156,"column":23},"end":{"line":156,"column":30}},"81":{"start":{"line":157,"column":4},"end":{"line":159,"column":78}},"82":{"start":{"line":157,"column":35},"end":{"line":157,"column":69}},"83":{"start":{"line":158,"column":9},"end":{"line":159,"column":78}},"84":{"start":{"line":158,"column":40},"end":{"line":158,"column":74}},"85":{"start":{"line":159,"column":9},"end":{"line":159,"column":78}},"86":{"start":{"line":159,"column":42},"end":{"line":159,"column":78}},"87":{"start":{"line":162,"column":21},"end":{"line":168,"column":5}},"88":{"start":{"line":169,"column":4},"end":{"line":169,"column":63}},"89":{"start":{"line":171,"column":24},"end":{"line":171,"column":130}},"90":{"start":{"line":174,"column":4},"end":{"line":174,"column":55}},"91":{"start":{"line":176,"column":4},"end":{"line":176,"column":30}},"92":{"start":{"line":179,"column":0},"end":{"line":179,"column":57}}},"fnMap":{"0":{"name":"(anonymous_0)","decl":{"start":{"line":61,"column":8},"end":{"line":61,"column":9}},"loc":{"start":{"line":61,"column":14},"end":{"line":61,"column":49}},"line":61},"1":{"name":"(anonymous_1)","decl":{"start":{"line":62,"column":9},"end":{"line":62,"column":10}},"loc":{"start":{"line":62,"column":18},"end":{"line":62,"column":36}},"line":62},"2":{"name":"(anonymous_2)","decl":{"start":{"line":85,"column":21},"end":{"line":85,"column":22}},"loc":{"start":{"line":85,"column":41},"end":{"line":104,"column":1}},"line":85},"3":{"name":"(anonymous_3)","decl":{"start":{"line":107,"column":18},"end":{"line":107,"column":19}},"loc":{"start":{"line":107,"column":70},"end":{"line":119,"column":1}},"line":107},"4":{"name":"(anonymous_4)","decl":{"start":{"line":122,"column":20},"end":{"line":122,"column":21}},"loc":{"start":{"line":122,"column":57},"end":{"line":130,"column":1}},"line":122},"5":{"name":"(anonymous_5)","decl":{"start":{"line":123,"column":34},"end":{"line":123,"column":35}},"loc":{"start":{"line":123,"column":40},"end":{"line":123,"column":85}},"line":123},"6":{"name":"(anonymous_6)","decl":{"start":{"line":140,"column":2},"end":{"line":140,"column":3}},"loc":{"start":{"line":140,"column":16},"end":{"line":177,"column":3}},"line":140}},"branchMap":{"0":{"loc":{"start":{"line":65,"column":12},"end":{"line":65,"column":59}},"type":"binary-expr","locations":[{"start":{"line":65,"column":12},"end":{"line":65,"column":38}},{"start":{"line":65,"column":42},"end":{"line":65,"column":59}}],"line":65},"1":{"loc":{"start":{"line":89,"column":4},"end":{"line":91,"column":5}},"type":"if","locations":[{"start":{"line":89,"column":4},"end":{"line":91,"column":5}},{"start":{},"end":{}}],"line":89},"2":{"loc":{"start":{"line":107,"column":25},"end":{"line":107,"column":65}},"type":"default-arg","locations":[{"start":{"line":107,"column":44},"end":{"line":107,"column":65}}],"line":107},"3":{"loc":{"start":{"line":122,"column":21},"end":{"line":122,"column":52}},"type":"default-arg","locations":[{"start":{"line":122,"column":28},"end":{"line":122,"column":52}}],"line":122},"4":{"loc":{"start":{"line":122,"column":28},"end":{"line":122,"column":52}},"type":"binary-expr","locations":[{"start":{"line":122,"column":28},"end":{"line":122,"column":44}},{"start":{"line":122,"column":48},"end":{"line":122,"column":52}}],"line":122},"5":{"loc":{"start":{"line":134,"column":0},"end":{"line":137,"column":1}},"type":"if","locations":[{"start":{"line":134,"column":0},"end":{"line":137,"column":1}},{"start":{},"end":{}}],"line":134},"6":{"loc":{"start":{"line":141,"column":4},"end":{"line":144,"column":5}},"type":"if","locations":[{"start":{"line":141,"column":4},"end":{"line":144,"column":5}},{"start":{},"end":{}}],"line":141},"7":{"loc":{"start":{"line":157,"column":4},"end":{"line":159,"column":78}},"type":"if","locations":[{"start":{"line":157,"column":4},"end":{"line":159,"column":78}},{"start":{"line":158,"column":9},"end":{"line":159,"column":78}}],"line":157},"8":{"loc":{"start":{"line":158,"column":9},"end":{"line":159,"column":78}},"type":"if","locations":[{"start":{"line":158,"column":9},"end":{"line":159,"column":78}},{"start":{"line":159,"column":9},"end":{"line":159,"column":78}}],"line":158},"9":{"loc":{"start":{"line":159,"column":9},"end":{"line":159,"column":78}},"type":"if","locations":[{"start":{"line":159,"column":9},"end":{"line":159,"column":78}},{"start":{},"end":{}}],"line":159}},"s":{"0":1,"1":1,"2":1,"3":1,"4":1,"5":1,"6":1,"7":1,"8":1,"9":1,"10":1,"11":1,"12":1,"13":1,"14":1,"15":1,"16":1,"17":1,"18":1,"19":1,"20":1,"21":1,"22":1,"23":1,"24":1,"25":1,"26":1,"27":1,"28":1,"29":1,"30":1,"31":1,"32":1,"33":1,"34":1,"35":1,"36":0,"37":1,"38":1,"39":1,"40":1,"41":1,"42":1,"43":1,"44":1,"45":1,"46":1,"47":1,"48":1,"49":0,"50":0,"51":0,"52":0,"53":0,"54":0,"55":0,"56":0,"57":0,"58":1,"59":1,"60":1,"61":1,"62":1,"63":0,"64":0,"65":1,"66":1,"67":1,"68":1,"69":1,"70":1,"71":1,"72":0,"73":0,"74":1,"75":0,"76":0,"77":0,"78":0,"79":0,"80":0,"81":0,"82":0,"83":0,"84":0,"85":0,"86":0,"87":0,"88":0,"89":0,"90":0,"91":0,"92":1},"f":{"0":1,"1":0,"2":0,"3":1,"4":1,"5":1,"6":0},"b":{"0":[1,1],"1":[0,0],"2":[0],"3":[0],"4":[0,0],"5":[0,1],"6":[0,0],"7":[0,0],"8":[0,0],"9":[0,0]},"_coverageSchema":"1a1c01bbd47fc00a2c39e90264f33305004495a9","hash":"7f34fd165c2c35281b38bbcd1c6d718416677858"}
,"C:\\Users\\abous\\OneDrive\\Bureau\\FlowPi\\IntegratedProjectManagementApplication\\passport.js": {"path":"C:\\Users\\abous\\OneDrive\\Bureau\\FlowPi\\IntegratedProjectManagementApplication\\passport.js","statementMap":{"0":{"start":{"line":1,"column":0},"end":{"line":1,"column":27}},"1":{"start":{"line":2,"column":23},"end":{"line":2,"column":66}},"2":{"start":{"line":3,"column":17},"end":{"line":3,"column":36}},"3":{"start":{"line":4,"column":13},"end":{"line":4,"column":37}},"4":{"start":{"line":5,"column":36},"end":{"line":5,"column":75}},"5":{"start":{"line":6,"column":12},"end":{"line":6,"column":35}},"6":{"start":{"line":7,"column":15},"end":{"line":7,"column":32}},"7":{"start":{"line":8,"column":15},"end":{"line":8,"column":32}},"8":{"start":{"line":9,"column":4},"end":{"line":55,"column":3}},"9":{"start":{"line":15,"column":8},"end":{"line":53,"column":5}},"10":{"start":{"line":16,"column":23},"end":{"line":16,"column":67}},"11":{"start":{"line":17,"column":12},"end":{"line":35,"column":9}},"12":{"start":{"line":19,"column":35},"end":{"line":19,"column":72}},"13":{"start":{"line":20,"column":37},"end":{"line":20,"column":72}},"14":{"start":{"line":21,"column":40},"end":{"line":21,"column":78}},"15":{"start":{"line":23,"column":14},"end":{"line":32,"column":17}},"16":{"start":{"line":34,"column":14},"end":{"line":34,"column":32}},"17":{"start":{"line":39,"column":22},"end":{"line":43,"column":9}},"18":{"start":{"line":46,"column":8},"end":{"line":46,"column":27}},"19":{"start":{"line":47,"column":8},"end":{"line":47,"column":26}},"20":{"start":{"line":49,"column":8},"end":{"line":49,"column":32}},"21":{"start":{"line":51,"column":8},"end":{"line":51,"column":68}},"22":{"start":{"line":52,"column":8},"end":{"line":52,"column":33}},"23":{"start":{"line":57,"column":4},"end":{"line":59,"column":7}},"24":{"start":{"line":58,"column":6},"end":{"line":58,"column":26}},"25":{"start":{"line":61,"column":4},"end":{"line":64,"column":7}},"26":{"start":{"line":62,"column":19},"end":{"line":62,"column":42}},"27":{"start":{"line":63,"column":6},"end":{"line":63,"column":23}},"28":{"start":{"line":66,"column":0},"end":{"line":66,"column":26}}},"fnMap":{"0":{"name":"(anonymous_0)","decl":{"start":{"line":14,"column":6},"end":{"line":14,"column":7}},"loc":{"start":{"line":14,"column":58},"end":{"line":54,"column":3}},"line":14},"1":{"name":"(anonymous_1)","decl":{"start":{"line":57,"column":27},"end":{"line":57,"column":28}},"loc":{"start":{"line":57,"column":43},"end":{"line":59,"column":5}},"line":57},"2":{"name":"(anonymous_2)","decl":{"start":{"line":61,"column":29},"end":{"line":61,"column":30}},"loc":{"start":{"line":61,"column":49},"end":{"line":64,"column":5}},"line":61}},"branchMap":{"0":{"loc":{"start":{"line":17,"column":12},"end":{"line":35,"column":9}},"type":"if","locations":[{"start":{"line":17,"column":12},"end":{"line":35,"column":9}},{"start":{},"end":{}}],"line":17}},"s":{"0":1,"1":1,"2":1,"3":1,"4":1,"5":1,"6":1,"7":1,"8":1,"9":0,"10":0,"11":0,"12":0,"13":0,"14":0,"15":0,"16":0,"17":0,"18":0,"19":0,"20":0,"21":0,"22":0,"23":1,"24":0,"25":1,"26":0,"27":0,"28":1},"f":{"0":0,"1":0,"2":0},"b":{"0":[0,0]},"_coverageSchema":"1a1c01bbd47fc00a2c39e90264f33305004495a9","hash":"6a5f4865129247457f0284b45a3201bfa65c1599"}
,"C:\\Users\\abous\\OneDrive\\Bureau\\FlowPi\\IntegratedProjectManagementApplication\\uploadimage.js": {"path":"C:\\Users\\abous\\OneDrive\\Bureau\\FlowPi\\IntegratedProjectManagementApplication\\uploadimage.js","statementMap":{"0":{"start":{"line":1,"column":15},"end":{"line":1,"column":32}},"1":{"start":{"line":2,"column":13},"end":{"line":2,"column":28}},"2":{"start":{"line":5,"column":16},"end":{"line":13,"column":2}},"3":{"start":{"line":7,"column":4},"end":{"line":7,"column":46}},"4":{"start":{"line":10,"column":25},"end":{"line":10,"column":75}},"5":{"start":{"line":11,"column":4},"end":{"line":11,"column":84}},"6":{"start":{"line":16,"column":15},"end":{"line":16,"column":43}},"7":{"start":{"line":18,"column":0},"end":{"line":18,"column":28}}},"fnMap":{"0":{"name":"(anonymous_0)","decl":{"start":{"line":6,"column":15},"end":{"line":6,"column":16}},"loc":{"start":{"line":6,"column":34},"end":{"line":8,"column":3}},"line":6},"1":{"name":"(anonymous_1)","decl":{"start":{"line":9,"column":12},"end":{"line":9,"column":13}},"loc":{"start":{"line":9,"column":31},"end":{"line":12,"column":3}},"line":9}},"branchMap":{},"s":{"0":1,"1":1,"2":1,"3":0,"4":0,"5":0,"6":1,"7":1},"f":{"0":0,"1":0},"b":{},"_coverageSchema":"1a1c01bbd47fc00a2c39e90264f33305004495a9","hash":"e285a611feda5d5e15cbf68b3d3177382c751ac1"}
,"C:\\Users\\abous\\OneDrive\\Bureau\\FlowPi\\IntegratedProjectManagementApplication\\Utils\\tfidfCalculator.js": {"path":"C:\\Users\\abous\\OneDrive\\Bureau\\FlowPi\\IntegratedProjectManagementApplication\\Utils\\tfidfCalculator.js","statementMap":{"0":{"start":{"line":1,"column":16},"end":{"line":1,"column":34}},"1":{"start":{"line":2,"column":18},"end":{"line":2,"column":25}},"2":{"start":{"line":3,"column":19},"end":{"line":3,"column":75}},"3":{"start":{"line":7,"column":20},"end":{"line":7,"column":29}},"4":{"start":{"line":8,"column":2},"end":{"line":17,"column":5}},"5":{"start":{"line":9,"column":4},"end":{"line":16,"column":7}},"6":{"start":{"line":10,"column":6},"end":{"line":15,"column":7}},"7":{"start":{"line":11,"column":27},"end":{"line":11,"column":53}},"8":{"start":{"line":12,"column":8},"end":{"line":14,"column":9}},"9":{"start":{"line":13,"column":10},"end":{"line":13,"column":36}},"10":{"start":{"line":18,"column":2},"end":{"line":18,"column":31}},"11":{"start":{"line":23,"column":2},"end":{"line":23,"column":23}},"12":{"start":{"line":23,"column":13},"end":{"line":23,"column":23}},"13":{"start":{"line":25,"column":18},"end":{"line":32,"column":3}},"14":{"start":{"line":34,"column":2},"end":{"line":39,"column":15}},"15":{"start":{"line":36,"column":17},"end":{"line":36,"column":43}},"16":{"start":{"line":37,"column":20},"end":{"line":37,"column":35}},"17":{"start":{"line":38,"column":17},"end":{"line":38,"column":38}},"18":{"start":{"line":44,"column":2},"end":{"line":53,"column":15}},"19":{"start":{"line":47,"column":20},"end":{"line":47,"column":35}},"20":{"start":{"line":48,"column":28},"end":{"line":50,"column":7}},"21":{"start":{"line":49,"column":8},"end":{"line":49,"column":51}},"22":{"start":{"line":51,"column":6},"end":{"line":51,"column":37}},"23":{"start":{"line":58,"column":2},"end":{"line":84,"column":3}},"24":{"start":{"line":59,"column":24},"end":{"line":59,"column":47}},"25":{"start":{"line":60,"column":21},"end":{"line":60,"column":42}},"26":{"start":{"line":61,"column":27},"end":{"line":61,"column":88}},"27":{"start":{"line":63,"column":32},"end":{"line":69,"column":5}},"28":{"start":{"line":71,"column":4},"end":{"line":76,"column":6}},"29":{"start":{"line":79,"column":4},"end":{"line":79,"column":56}},"30":{"start":{"line":80,"column":4},"end":{"line":83,"column":6}},"31":{"start":{"line":89,"column":2},"end":{"line":95,"column":9}},"32":{"start":{"line":90,"column":4},"end":{"line":93,"column":6}},"33":{"start":{"line":92,"column":47},"end":{"line":92,"column":66}},"34":{"start":{"line":94,"column":4},"end":{"line":94,"column":15}},"35":{"start":{"line":99,"column":16},"end":{"line":99,"column":27}},"36":{"start":{"line":100,"column":22},"end":{"line":100,"column":24}},"37":{"start":{"line":103,"column":20},"end":{"line":109,"column":4}},"38":{"start":{"line":104,"column":26},"end":{"line":107,"column":6}},"39":{"start":{"line":105,"column":23},"end":{"line":105,"column":77}},"40":{"start":{"line":106,"column":6},"end":{"line":106,"column":46}},"41":{"start":{"line":108,"column":4},"end":{"line":108,"column":67}},"42":{"start":{"line":111,"column":22},"end":{"line":119,"column":4}},"43":{"start":{"line":112,"column":22},"end":{"line":117,"column":5}},"44":{"start":{"line":115,"column":50},"end":{"line":115,"column":88}},"45":{"start":{"line":116,"column":56},"end":{"line":116,"column":94}},"46":{"start":{"line":118,"column":4},"end":{"line":118,"column":56}},"47":{"start":{"line":122,"column":2},"end":{"line":122,"column":72}},"48":{"start":{"line":122,"column":48},"end":{"line":122,"column":70}},"49":{"start":{"line":125,"column":2},"end":{"line":154,"column":5}},"50":{"start":{"line":126,"column":4},"end":{"line":153,"column":7}},"51":{"start":{"line":127,"column":18},"end":{"line":127,"column":19}},"52":{"start":{"line":128,"column":27},"end":{"line":128,"column":96}},"53":{"start":{"line":130,"column":6},"end":{"line":136,"column":7}},"54":{"start":{"line":131,"column":8},"end":{"line":135,"column":11}},"55":{"start":{"line":132,"column":10},"end":{"line":134,"column":11}},"56":{"start":{"line":133,"column":12},"end":{"line":133,"column":63}},"57":{"start":{"line":138,"column":28},"end":{"line":138,"column":82}},"58":{"start":{"line":139,"column":25},"end":{"line":139,"column":51}},"59":{"start":{"line":140,"column":30},"end":{"line":142,"column":11}},"60":{"start":{"line":144,"column":6},"end":{"line":152,"column":9}},"61":{"start":{"line":156,"column":2},"end":{"line":156,"column":21}},"62":{"start":{"line":160,"column":22},"end":{"line":165,"column":27}},"63":{"start":{"line":163,"column":48},"end":{"line":163,"column":86}},"64":{"start":{"line":164,"column":54},"end":{"line":164,"column":92}},"65":{"start":{"line":167,"column":22},"end":{"line":167,"column":31}},"66":{"start":{"line":168,"column":2},"end":{"line":173,"column":5}},"67":{"start":{"line":169,"column":21},"end":{"line":169,"column":75}},"68":{"start":{"line":170,"column":4},"end":{"line":172,"column":7}},"69":{"start":{"line":171,"column":6},"end":{"line":171,"column":43}},"70":{"start":{"line":175,"column":2},"end":{"line":179,"column":4}},"71":{"start":{"line":176,"column":4},"end":{"line":178,"column":40}},"72":{"start":{"line":183,"column":2},"end":{"line":199,"column":11}},"73":{"start":{"line":184,"column":26},"end":{"line":184,"column":55}},"74":{"start":{"line":185,"column":20},"end":{"line":185,"column":37}},"75":{"start":{"line":187,"column":36},"end":{"line":187,"column":90}},"76":{"start":{"line":187,"column":52},"end":{"line":187,"column":82}},"77":{"start":{"line":188,"column":36},"end":{"line":188,"column":86}},"78":{"start":{"line":188,"column":52},"end":{"line":188,"column":78}},"79":{"start":{"line":190,"column":6},"end":{"line":197,"column":7}},"80":{"start":{"line":191,"column":22},"end":{"line":191,"column":73}},"81":{"start":{"line":191,"column":39},"end":{"line":191,"column":72}},"82":{"start":{"line":192,"column":8},"end":{"line":195,"column":17}},"83":{"start":{"line":193,"column":27},"end":{"line":193,"column":66}},"84":{"start":{"line":194,"column":10},"end":{"line":194,"column":55}},"85":{"start":{"line":196,"column":8},"end":{"line":196,"column":23}},"86":{"start":{"line":198,"column":6},"end":{"line":198,"column":17}},"87":{"start":{"line":203,"column":2},"end":{"line":212,"column":6}},"88":{"start":{"line":203,"column":40},"end":{"line":212,"column":3}},"89":{"start":{"line":215,"column":0},"end":{"line":219,"column":2}}},"fnMap":{"0":{"name":"extractAllSkills","decl":{"start":{"line":6,"column":9},"end":{"line":6,"column":25}},"loc":{"start":{"line":6,"column":33},"end":{"line":19,"column":1}},"line":6},"1":{"name":"(anonymous_1)","decl":{"start":{"line":8,"column":16},"end":{"line":8,"column":17}},"loc":{"start":{"line":8,"column":24},"end":{"line":17,"column":3}},"line":8},"2":{"name":"(anonymous_2)","decl":{"start":{"line":9,"column":32},"end":{"line":9,"column":33}},"loc":{"start":{"line":9,"column":41},"end":{"line":16,"column":5}},"line":9},"3":{"name":"normalizeText","decl":{"start":{"line":22,"column":9},"end":{"line":22,"column":22}},"loc":{"start":{"line":22,"column":29},"end":{"line":40,"column":1}},"line":22},"4":{"name":"(anonymous_4)","decl":{"start":{"line":36,"column":9},"end":{"line":36,"column":10}},"loc":{"start":{"line":36,"column":17},"end":{"line":36,"column":43}},"line":36},"5":{"name":"(anonymous_5)","decl":{"start":{"line":37,"column":12},"end":{"line":37,"column":13}},"loc":{"start":{"line":37,"column":20},"end":{"line":37,"column":35}},"line":37},"6":{"name":"(anonymous_6)","decl":{"start":{"line":38,"column":9},"end":{"line":38,"column":10}},"loc":{"start":{"line":38,"column":17},"end":{"line":38,"column":38}},"line":38},"7":{"name":"enhanceTextContent","decl":{"start":{"line":43,"column":9},"end":{"line":43,"column":27}},"loc":{"start":{"line":43,"column":39},"end":{"line":54,"column":1}},"line":43},"8":{"name":"(anonymous_8)","decl":{"start":{"line":46,"column":9},"end":{"line":46,"column":10}},"loc":{"start":{"line":46,"column":17},"end":{"line":52,"column":5}},"line":46},"9":{"name":"(anonymous_9)","decl":{"start":{"line":48,"column":38},"end":{"line":48,"column":39}},"loc":{"start":{"line":49,"column":8},"end":{"line":49,"column":51}},"line":49},"10":{"name":"assignSubjects","decl":{"start":{"line":57,"column":15},"end":{"line":57,"column":29}},"loc":{"start":{"line":57,"column":88},"end":{"line":85,"column":1}},"line":57},"11":{"name":"createUsersMap","decl":{"start":{"line":88,"column":9},"end":{"line":88,"column":23}},"loc":{"start":{"line":88,"column":31},"end":{"line":96,"column":1}},"line":88},"12":{"name":"(anonymous_12)","decl":{"start":{"line":89,"column":22},"end":{"line":89,"column":23}},"loc":{"start":{"line":89,"column":37},"end":{"line":95,"column":3}},"line":89},"13":{"name":"(anonymous_13)","decl":{"start":{"line":92,"column":38},"end":{"line":92,"column":39}},"loc":{"start":{"line":92,"column":47},"end":{"line":92,"column":66}},"line":92},"14":{"name":"calculateTFIDF","decl":{"start":{"line":98,"column":15},"end":{"line":98,"column":29}},"loc":{"start":{"line":98,"column":71},"end":{"line":157,"column":1}},"line":98},"15":{"name":"(anonymous_15)","decl":{"start":{"line":103,"column":31},"end":{"line":103,"column":32}},"loc":{"start":{"line":103,"column":40},"end":{"line":109,"column":3}},"line":103},"16":{"name":"(anonymous_16)","decl":{"start":{"line":104,"column":48},"end":{"line":104,"column":49}},"loc":{"start":{"line":104,"column":58},"end":{"line":107,"column":5}},"line":104},"17":{"name":"(anonymous_17)","decl":{"start":{"line":111,"column":35},"end":{"line":111,"column":36}},"loc":{"start":{"line":111,"column":46},"end":{"line":119,"column":3}},"line":111},"18":{"name":"(anonymous_18)","decl":{"start":{"line":115,"column":45},"end":{"line":115,"column":46}},"loc":{"start":{"line":115,"column":50},"end":{"line":115,"column":88}},"line":115},"19":{"name":"(anonymous_19)","decl":{"start":{"line":116,"column":51},"end":{"line":116,"column":52}},"loc":{"start":{"line":116,"column":56},"end":{"line":116,"column":94}},"line":116},"20":{"name":"(anonymous_20)","decl":{"start":{"line":122,"column":41},"end":{"line":122,"column":42}},"loc":{"start":{"line":122,"column":48},"end":{"line":122,"column":70}},"line":122},"21":{"name":"(anonymous_21)","decl":{"start":{"line":125,"column":19},"end":{"line":125,"column":20}},"loc":{"start":{"line":125,"column":38},"end":{"line":154,"column":3}},"line":125},"22":{"name":"(anonymous_22)","decl":{"start":{"line":126,"column":19},"end":{"line":126,"column":20}},"loc":{"start":{"line":126,"column":36},"end":{"line":153,"column":5}},"line":126},"23":{"name":"(anonymous_23)","decl":{"start":{"line":131,"column":40},"end":{"line":131,"column":41}},"loc":{"start":{"line":131,"column":56},"end":{"line":135,"column":9}},"line":131},"24":{"name":"getCommonSkills","decl":{"start":{"line":159,"column":9},"end":{"line":159,"column":24}},"loc":{"start":{"line":159,"column":64},"end":{"line":180,"column":1}},"line":159},"25":{"name":"(anonymous_25)","decl":{"start":{"line":163,"column":43},"end":{"line":163,"column":44}},"loc":{"start":{"line":163,"column":48},"end":{"line":163,"column":86}},"line":163},"26":{"name":"(anonymous_26)","decl":{"start":{"line":164,"column":49},"end":{"line":164,"column":50}},"loc":{"start":{"line":164,"column":54},"end":{"line":164,"column":92}},"line":164},"27":{"name":"(anonymous_27)","decl":{"start":{"line":168,"column":24},"end":{"line":168,"column":25}},"loc":{"start":{"line":168,"column":34},"end":{"line":173,"column":3}},"line":168},"28":{"name":"(anonymous_28)","decl":{"start":{"line":170,"column":47},"end":{"line":170,"column":48}},"loc":{"start":{"line":170,"column":56},"end":{"line":172,"column":5}},"line":170},"29":{"name":"(anonymous_29)","decl":{"start":{"line":175,"column":28},"end":{"line":175,"column":29}},"loc":{"start":{"line":176,"column":4},"end":{"line":178,"column":40}},"line":176},"30":{"name":"filterAndLimitAssignments","decl":{"start":{"line":182,"column":9},"end":{"line":182,"column":34}},"loc":{"start":{"line":182,"column":88},"end":{"line":200,"column":1}},"line":182},"31":{"name":"(anonymous_31)","decl":{"start":{"line":184,"column":12},"end":{"line":184,"column":13}},"loc":{"start":{"line":184,"column":26},"end":{"line":184,"column":55}},"line":184},"32":{"name":"(anonymous_32)","decl":{"start":{"line":185,"column":10},"end":{"line":185,"column":11}},"loc":{"start":{"line":185,"column":20},"end":{"line":185,"column":37}},"line":185},"33":{"name":"(anonymous_33)","decl":{"start":{"line":186,"column":12},"end":{"line":186,"column":13}},"loc":{"start":{"line":186,"column":27},"end":{"line":199,"column":5}},"line":186},"34":{"name":"(anonymous_34)","decl":{"start":{"line":187,"column":47},"end":{"line":187,"column":48}},"loc":{"start":{"line":187,"column":52},"end":{"line":187,"column":82}},"line":187},"35":{"name":"(anonymous_35)","decl":{"start":{"line":188,"column":47},"end":{"line":188,"column":48}},"loc":{"start":{"line":188,"column":52},"end":{"line":188,"column":78}},"line":188},"36":{"name":"(anonymous_36)","decl":{"start":{"line":191,"column":34},"end":{"line":191,"column":35}},"loc":{"start":{"line":191,"column":39},"end":{"line":191,"column":72}},"line":191},"37":{"name":"(anonymous_37)","decl":{"start":{"line":192,"column":47},"end":{"line":192,"column":48}},"loc":{"start":{"line":192,"column":52},"end":{"line":195,"column":9}},"line":192},"38":{"name":"formatAssignments","decl":{"start":{"line":202,"column":9},"end":{"line":202,"column":26}},"loc":{"start":{"line":202,"column":40},"end":{"line":213,"column":1}},"line":202},"39":{"name":"(anonymous_39)","decl":{"start":{"line":203,"column":25},"end":{"line":203,"column":26}},"loc":{"start":{"line":203,"column":40},"end":{"line":212,"column":3}},"line":203}},"branchMap":{"0":{"loc":{"start":{"line":9,"column":5},"end":{"line":9,"column":22}},"type":"binary-expr","locations":[{"start":{"line":9,"column":5},"end":{"line":9,"column":16}},{"start":{"line":9,"column":20},"end":{"line":9,"column":22}}],"line":9},"1":{"loc":{"start":{"line":10,"column":6},"end":{"line":15,"column":7}},"type":"if","locations":[{"start":{"line":10,"column":6},"end":{"line":15,"column":7}},{"start":{},"end":{}}],"line":10},"2":{"loc":{"start":{"line":12,"column":8},"end":{"line":14,"column":9}},"type":"if","locations":[{"start":{"line":12,"column":8},"end":{"line":14,"column":9}},{"start":{},"end":{}}],"line":12},"3":{"loc":{"start":{"line":23,"column":2},"end":{"line":23,"column":23}},"type":"if","locations":[{"start":{"line":23,"column":2},"end":{"line":23,"column":23}},{"start":{},"end":{}}],"line":23},"4":{"loc":{"start":{"line":38,"column":17},"end":{"line":38,"column":38}},"type":"binary-expr","locations":[{"start":{"line":38,"column":17},"end":{"line":38,"column":30}},{"start":{"line":38,"column":34},"end":{"line":38,"column":38}}],"line":38},"5":{"loc":{"start":{"line":49,"column":8},"end":{"line":49,"column":51}},"type":"cond-expr","locations":[{"start":{"line":49,"column":27},"end":{"line":49,"column":44}},{"start":{"line":49,"column":47},"end":{"line":49,"column":51}}],"line":49},"6":{"loc":{"start":{"line":57,"column":55},"end":{"line":57,"column":71}},"type":"default-arg","locations":[{"start":{"line":57,"column":67},"end":{"line":57,"column":71}}],"line":57},"7":{"loc":{"start":{"line":57,"column":73},"end":{"line":57,"column":86}},"type":"default-arg","locations":[{"start":{"line":57,"column":85},"end":{"line":57,"column":86}}],"line":57},"8":{"loc":{"start":{"line":73,"column":15},"end":{"line":75,"column":92}},"type":"cond-expr","locations":[{"start":{"line":74,"column":10},"end":{"line":74,"column":64}},{"start":{"line":75,"column":10},"end":{"line":75,"column":92}}],"line":73},"9":{"loc":{"start":{"line":91,"column":9},"end":{"line":91,"column":47}},"type":"cond-expr","locations":[{"start":{"line":91,"column":25},"end":{"line":91,"column":40}},{"start":{"line":91,"column":43},"end":{"line":91,"column":47}}],"line":91},"10":{"loc":{"start":{"line":92,"column":15},"end":{"line":92,"column":32}},"type":"binary-expr","locations":[{"start":{"line":92,"column":15},"end":{"line":92,"column":26}},{"start":{"line":92,"column":30},"end":{"line":92,"column":32}}],"line":92},"11":{"loc":{"start":{"line":105,"column":23},"end":{"line":105,"column":77}},"type":"cond-expr","locations":[{"start":{"line":105,"column":36},"end":{"line":105,"column":57}},{"start":{"line":105,"column":60},"end":{"line":105,"column":77}}],"line":105},"12":{"loc":{"start":{"line":106,"column":13},"end":{"line":106,"column":45}},"type":"binary-expr","locations":[{"start":{"line":106,"column":13},"end":{"line":106,"column":39}},{"start":{"line":106,"column":43},"end":{"line":106,"column":45}}],"line":106},"13":{"loc":{"start":{"line":114,"column":6},"end":{"line":114,"column":31}},"type":"binary-expr","locations":[{"start":{"line":114,"column":6},"end":{"line":114,"column":25}},{"start":{"line":114,"column":29},"end":{"line":114,"column":31}}],"line":114},"14":{"loc":{"start":{"line":115,"column":10},"end":{"line":115,"column":35}},"type":"binary-expr","locations":[{"start":{"line":115,"column":10},"end":{"line":115,"column":29}},{"start":{"line":115,"column":33},"end":{"line":115,"column":35}}],"line":115},"15":{"loc":{"start":{"line":115,"column":51},"end":{"line":115,"column":65}},"type":"binary-expr","locations":[{"start":{"line":115,"column":51},"end":{"line":115,"column":59}},{"start":{"line":115,"column":63},"end":{"line":115,"column":65}}],"line":115},"16":{"loc":{"start":{"line":115,"column":67},"end":{"line":115,"column":87}},"type":"binary-expr","locations":[{"start":{"line":115,"column":67},"end":{"line":115,"column":81}},{"start":{"line":115,"column":85},"end":{"line":115,"column":87}}],"line":115},"17":{"loc":{"start":{"line":116,"column":10},"end":{"line":116,"column":41}},"type":"binary-expr","locations":[{"start":{"line":116,"column":10},"end":{"line":116,"column":35}},{"start":{"line":116,"column":39},"end":{"line":116,"column":41}}],"line":116},"18":{"loc":{"start":{"line":116,"column":57},"end":{"line":116,"column":71}},"type":"binary-expr","locations":[{"start":{"line":116,"column":57},"end":{"line":116,"column":65}},{"start":{"line":116,"column":69},"end":{"line":116,"column":71}}],"line":116},"19":{"loc":{"start":{"line":116,"column":73},"end":{"line":116,"column":93}},"type":"binary-expr","locations":[{"start":{"line":116,"column":73},"end":{"line":116,"column":87}},{"start":{"line":116,"column":91},"end":{"line":116,"column":93}}],"line":116},"20":{"loc":{"start":{"line":128,"column":27},"end":{"line":128,"column":96}},"type":"cond-expr","locations":[{"start":{"line":128,"column":47},"end":{"line":128,"column":84}},{"start":{"line":128,"column":87},"end":{"line":128,"column":96}}],"line":128},"21":{"loc":{"start":{"line":130,"column":6},"end":{"line":136,"column":7}},"type":"if","locations":[{"start":{"line":130,"column":6},"end":{"line":136,"column":7}},{"start":{},"end":{}}],"line":130},"22":{"loc":{"start":{"line":132,"column":10},"end":{"line":134,"column":11}},"type":"if","locations":[{"start":{"line":132,"column":10},"end":{"line":134,"column":11}},{"start":{},"end":{}}],"line":132},"23":{"loc":{"start":{"line":133,"column":21},"end":{"line":133,"column":62}},"type":"cond-expr","locations":[{"start":{"line":133,"column":35},"end":{"line":133,"column":58}},{"start":{"line":133,"column":61},"end":{"line":133,"column":62}}],"line":133},"24":{"loc":{"start":{"line":140,"column":30},"end":{"line":142,"column":11}},"type":"cond-expr","locations":[{"start":{"line":141,"column":10},"end":{"line":141,"column":90}},{"start":{"line":142,"column":10},"end":{"line":142,"column":11}}],"line":140},"25":{"loc":{"start":{"line":162,"column":4},"end":{"line":162,"column":29}},"type":"binary-expr","locations":[{"start":{"line":162,"column":4},"end":{"line":162,"column":23}},{"start":{"line":162,"column":27},"end":{"line":162,"column":29}}],"line":162},"26":{"loc":{"start":{"line":163,"column":8},"end":{"line":163,"column":33}},"type":"binary-expr","locations":[{"start":{"line":163,"column":8},"end":{"line":163,"column":27}},{"start":{"line":163,"column":31},"end":{"line":163,"column":33}}],"line":163},"27":{"loc":{"start":{"line":163,"column":49},"end":{"line":163,"column":63}},"type":"binary-expr","locations":[{"start":{"line":163,"column":49},"end":{"line":163,"column":57}},{"start":{"line":163,"column":61},"end":{"line":163,"column":63}}],"line":163},"28":{"loc":{"start":{"line":163,"column":65},"end":{"line":163,"column":85}},"type":"binary-expr","locations":[{"start":{"line":163,"column":65},"end":{"line":163,"column":79}},{"start":{"line":163,"column":83},"end":{"line":163,"column":85}}],"line":163},"29":{"loc":{"start":{"line":164,"column":8},"end":{"line":164,"column":39}},"type":"binary-expr","locations":[{"start":{"line":164,"column":8},"end":{"line":164,"column":33}},{"start":{"line":164,"column":37},"end":{"line":164,"column":39}}],"line":164},"30":{"loc":{"start":{"line":164,"column":55},"end":{"line":164,"column":69}},"type":"binary-expr","locations":[{"start":{"line":164,"column":55},"end":{"line":164,"column":63}},{"start":{"line":164,"column":67},"end":{"line":164,"column":69}}],"line":164},"31":{"loc":{"start":{"line":164,"column":71},"end":{"line":164,"column":91}},"type":"binary-expr","locations":[{"start":{"line":164,"column":71},"end":{"line":164,"column":85}},{"start":{"line":164,"column":89},"end":{"line":164,"column":91}}],"line":164},"32":{"loc":{"start":{"line":169,"column":21},"end":{"line":169,"column":75}},"type":"cond-expr","locations":[{"start":{"line":169,"column":34},"end":{"line":169,"column":55}},{"start":{"line":169,"column":58},"end":{"line":169,"column":75}}],"line":169},"33":{"loc":{"start":{"line":170,"column":5},"end":{"line":170,"column":37}},"type":"binary-expr","locations":[{"start":{"line":170,"column":5},"end":{"line":170,"column":31}},{"start":{"line":170,"column":35},"end":{"line":170,"column":37}}],"line":170},"34":{"loc":{"start":{"line":176,"column":4},"end":{"line":178,"column":40}},"type":"binary-expr","locations":[{"start":{"line":176,"column":4},"end":{"line":176,"column":9}},{"start":{"line":177,"column":4},"end":{"line":177,"column":45}},{"start":{"line":178,"column":4},"end":{"line":178,"column":40}}],"line":176},"35":{"loc":{"start":{"line":190,"column":6},"end":{"line":197,"column":7}},"type":"if","locations":[{"start":{"line":190,"column":6},"end":{"line":197,"column":7}},{"start":{},"end":{}}],"line":190},"36":{"loc":{"start":{"line":190,"column":10},"end":{"line":190,"column":74}},"type":"binary-expr","locations":[{"start":{"line":190,"column":10},"end":{"line":190,"column":43}},{"start":{"line":190,"column":47},"end":{"line":190,"column":74}}],"line":190},"37":{"loc":{"start":{"line":192,"column":27},"end":{"line":195,"column":16}},"type":"binary-expr","locations":[{"start":{"line":192,"column":27},"end":{"line":195,"column":10}},{"start":{"line":195,"column":14},"end":{"line":195,"column":16}}],"line":192},"38":{"loc":{"start":{"line":193,"column":27},"end":{"line":193,"column":66}},"type":"cond-expr","locations":[{"start":{"line":193,"column":35},"end":{"line":193,"column":51}},{"start":{"line":193,"column":54},"end":{"line":193,"column":66}}],"line":193},"39":{"loc":{"start":{"line":194,"column":17},"end":{"line":194,"column":54}},"type":"binary-expr","locations":[{"start":{"line":194,"column":17},"end":{"line":194,"column":41}},{"start":{"line":194,"column":45},"end":{"line":194,"column":54}}],"line":194}},"s":{"0":1,"1":1,"2":1,"3":0,"4":0,"5":0,"6":0,"7":0,"8":0,"9":0,"10":0,"11":0,"12":0,"13":0,"14":0,"15":0,"16":0,"17":0,"18":0,"19":0,"20":0,"21":0,"22":0,"23":0,"24":0,"25":0,"26":0,"27":0,"28":0,"29":0,"30":0,"31":0,"32":0,"33":0,"34":0,"35":0,"36":0,"37":0,"38":0,"39":0,"40":0,"41":0,"42":0,"43":0,"44":0,"45":0,"46":0,"47":0,"48":0,"49":0,"50":0,"51":0,"52":0,"53":0,"54":0,"55":0,"56":0,"57":0,"58":0,"59":0,"60":0,"61":0,"62":0,"63":0,"64":0,"65":0,"66":0,"67":0,"68":0,"69":0,"70":0,"71":0,"72":0,"73":0,"74":0,"75":0,"76":0,"77":0,"78":0,"79":0,"80":0,"81":0,"82":0,"83":0,"84":0,"85":0,"86":0,"87":0,"88":0,"89":1},"f":{"0":0,"1":0,"2":0,"3":0,"4":0,"5":0,"6":0,"7":0,"8":0,"9":0,"10":0,"11":0,"12":0,"13":0,"14":0,"15":0,"16":0,"17":0,"18":0,"19":0,"20":0,"21":0,"22":0,"23":0,"24":0,"25":0,"26":0,"27":0,"28":0,"29":0,"30":0,"31":0,"32":0,"33":0,"34":0,"35":0,"36":0,"37":0,"38":0,"39":0},"b":{"0":[0,0],"1":[0,0],"2":[0,0],"3":[0,0],"4":[0,0],"5":[0,0],"6":[0],"7":[0],"8":[0,0],"9":[0,0],"10":[0,0],"11":[0,0],"12":[0,0],"13":[0,0],"14":[0,0],"15":[0,0],"16":[0,0],"17":[0,0],"18":[0,0],"19":[0,0],"20":[0,0],"21":[0,0],"22":[0,0],"23":[0,0],"24":[0,0],"25":[0,0],"26":[0,0],"27":[0,0],"28":[0,0],"29":[0,0],"30":[0,0],"31":[0,0],"32":[0,0],"33":[0,0],"34":[0,0,0],"35":[0,0],"36":[0,0],"37":[0,0],"38":[0,0],"39":[0,0]},"_coverageSchema":"1a1c01bbd47fc00a2c39e90264f33305004495a9","hash":"9657f01c51c65012ec16c42ea9ff8f1fd0df8fbc"}
,"C:\\Users\\abous\\OneDrive\\Bureau\\FlowPi\\IntegratedProjectManagementApplication\\controllers\\DeliverableController.js": {"path":"C:\\Users\\abous\\OneDrive\\Bureau\\FlowPi\\IntegratedProjectManagementApplication\\controllers\\DeliverableController.js","statementMap":{"0":{"start":{"line":1,"column":14},"end":{"line":1,"column":30}},"1":{"start":{"line":2,"column":20},"end":{"line":2,"column":52}},"2":{"start":{"line":3,"column":11},"end":{"line":3,"column":24}},"3":{"start":{"line":4,"column":13},"end":{"line":4,"column":28}},"4":{"start":{"line":7,"column":26},"end":{"line":40,"column":1}},"5":{"start":{"line":8,"column":2},"end":{"line":39,"column":3}},"6":{"start":{"line":10,"column":4},"end":{"line":12,"column":5}},"7":{"start":{"line":11,"column":6},"end":{"line":11,"column":78}},"8":{"start":{"line":15,"column":54},"end":{"line":15,"column":62}},"9":{"start":{"line":16,"column":17},"end":{"line":16,"column":25}},"10":{"start":{"line":19,"column":4},"end":{"line":21,"column":5}},"11":{"start":{"line":20,"column":6},"end":{"line":20,"column":74}},"12":{"start":{"line":24,"column":27},"end":{"line":31,"column":6}},"13":{"start":{"line":33,"column":4},"end":{"line":33,"column":32}},"14":{"start":{"line":35,"column":4},"end":{"line":35,"column":103}},"15":{"start":{"line":37,"column":4},"end":{"line":37,"column":56}},"16":{"start":{"line":38,"column":4},"end":{"line":38,"column":68}},"17":{"start":{"line":43,"column":31},"end":{"line":51,"column":1}},"18":{"start":{"line":44,"column":2},"end":{"line":50,"column":3}},"19":{"start":{"line":45,"column":25},"end":{"line":45,"column":100}},"20":{"start":{"line":46,"column":4},"end":{"line":46,"column":43}},"21":{"start":{"line":48,"column":4},"end":{"line":48,"column":65}},"22":{"start":{"line":49,"column":4},"end":{"line":49,"column":77}},"23":{"start":{"line":54,"column":19},"end":{"line":69,"column":1}},"24":{"start":{"line":55,"column":27},"end":{"line":55,"column":37}},"25":{"start":{"line":56,"column":23},"end":{"line":56,"column":47}},"26":{"start":{"line":57,"column":18},"end":{"line":60,"column":3}},"27":{"start":{"line":62,"column":2},"end":{"line":68,"column":3}},"28":{"start":{"line":63,"column":21},"end":{"line":63,"column":111}},"29":{"start":{"line":64,"column":4},"end":{"line":64,"column":53}},"30":{"start":{"line":66,"column":4},"end":{"line":66,"column":52}},"31":{"start":{"line":67,"column":4},"end":{"line":67,"column":64}},"32":{"start":{"line":72,"column":20},"end":{"line":87,"column":1}},"33":{"start":{"line":73,"column":19},"end":{"line":73,"column":29}},"34":{"start":{"line":74,"column":23},"end":{"line":74,"column":47}},"35":{"start":{"line":75,"column":18},"end":{"line":78,"column":3}},"36":{"start":{"line":80,"column":2},"end":{"line":86,"column":3}},"37":{"start":{"line":81,"column":21},"end":{"line":81,"column":98}},"38":{"start":{"line":82,"column":4},"end":{"line":82,"column":54}},"39":{"start":{"line":84,"column":4},"end":{"line":84,"column":53}},"40":{"start":{"line":85,"column":4},"end":{"line":85,"column":65}},"41":{"start":{"line":90,"column":24},"end":{"line":104,"column":1}},"42":{"start":{"line":91,"column":23},"end":{"line":91,"column":47}},"43":{"start":{"line":92,"column":18},"end":{"line":95,"column":3}},"44":{"start":{"line":97,"column":2},"end":{"line":103,"column":3}},"45":{"start":{"line":98,"column":21},"end":{"line":98,"column":108}},"46":{"start":{"line":99,"column":4},"end":{"line":99,"column":58}},"47":{"start":{"line":101,"column":4},"end":{"line":101,"column":57}},"48":{"start":{"line":102,"column":4},"end":{"line":102,"column":69}},"49":{"start":{"line":107,"column":25},"end":{"line":134,"column":3}},"50":{"start":{"line":108,"column":4},"end":{"line":133,"column":5}},"51":{"start":{"line":109,"column":32},"end":{"line":109,"column":42}},"52":{"start":{"line":110,"column":32},"end":{"line":110,"column":40}},"53":{"start":{"line":112,"column":26},"end":{"line":112,"column":67}},"54":{"start":{"line":113,"column":6},"end":{"line":115,"column":7}},"55":{"start":{"line":114,"column":8},"end":{"line":114,"column":74}},"56":{"start":{"line":118,"column":6},"end":{"line":121,"column":8}},"57":{"start":{"line":122,"column":6},"end":{"line":122,"column":39}},"58":{"start":{"line":124,"column":6},"end":{"line":124,"column":31}},"59":{"start":{"line":126,"column":6},"end":{"line":129,"column":9}},"60":{"start":{"line":131,"column":6},"end":{"line":131,"column":59}},"61":{"start":{"line":132,"column":6},"end":{"line":132,"column":71}},"62":{"start":{"line":137,"column":24},"end":{"line":153,"column":3}},"63":{"start":{"line":138,"column":4},"end":{"line":152,"column":5}},"64":{"start":{"line":139,"column":32},"end":{"line":139,"column":42}},"65":{"start":{"line":140,"column":26},"end":{"line":140,"column":67}},"66":{"start":{"line":142,"column":6},"end":{"line":144,"column":7}},"67":{"start":{"line":143,"column":8},"end":{"line":143,"column":74}},"68":{"start":{"line":146,"column":6},"end":{"line":148,"column":9}},"69":{"start":{"line":150,"column":6},"end":{"line":150,"column":57}},"70":{"start":{"line":151,"column":6},"end":{"line":151,"column":69}},"71":{"start":{"line":156,"column":2},"end":{"line":164,"column":4}}},"fnMap":{"0":{"name":"(anonymous_0)","decl":{"start":{"line":7,"column":26},"end":{"line":7,"column":27}},"loc":{"start":{"line":7,"column":46},"end":{"line":40,"column":1}},"line":7},"1":{"name":"(anonymous_1)","decl":{"start":{"line":43,"column":31},"end":{"line":43,"column":32}},"loc":{"start":{"line":43,"column":51},"end":{"line":51,"column":1}},"line":43},"2":{"name":"(anonymous_2)","decl":{"start":{"line":54,"column":19},"end":{"line":54,"column":20}},"loc":{"start":{"line":54,"column":39},"end":{"line":69,"column":1}},"line":54},"3":{"name":"(anonymous_3)","decl":{"start":{"line":72,"column":20},"end":{"line":72,"column":21}},"loc":{"start":{"line":72,"column":40},"end":{"line":87,"column":1}},"line":72},"4":{"name":"(anonymous_4)","decl":{"start":{"line":90,"column":24},"end":{"line":90,"column":25}},"loc":{"start":{"line":90,"column":44},"end":{"line":104,"column":1}},"line":90},"5":{"name":"(anonymous_5)","decl":{"start":{"line":107,"column":25},"end":{"line":107,"column":26}},"loc":{"start":{"line":107,"column":45},"end":{"line":134,"column":3}},"line":107},"6":{"name":"(anonymous_6)","decl":{"start":{"line":137,"column":24},"end":{"line":137,"column":25}},"loc":{"start":{"line":137,"column":44},"end":{"line":153,"column":3}},"line":137}},"branchMap":{"0":{"loc":{"start":{"line":10,"column":4},"end":{"line":12,"column":5}},"type":"if","locations":[{"start":{"line":10,"column":4},"end":{"line":12,"column":5}},{"start":{},"end":{}}],"line":10},"1":{"loc":{"start":{"line":10,"column":8},"end":{"line":10,"column":33}},"type":"binary-expr","locations":[{"start":{"line":10,"column":8},"end":{"line":10,"column":17}},{"start":{"line":10,"column":21},"end":{"line":10,"column":33}}],"line":10},"2":{"loc":{"start":{"line":19,"column":4},"end":{"line":21,"column":5}},"type":"if","locations":[{"start":{"line":19,"column":4},"end":{"line":21,"column":5}},{"start":{},"end":{}}],"line":19},"3":{"loc":{"start":{"line":19,"column":8},"end":{"line":19,"column":61}},"type":"binary-expr","locations":[{"start":{"line":19,"column":8},"end":{"line":19,"column":14}},{"start":{"line":19,"column":18},"end":{"line":19,"column":30}},{"start":{"line":19,"column":34},"end":{"line":19,"column":39}},{"start":{"line":19,"column":43},"end":{"line":19,"column":61}}],"line":19},"4":{"loc":{"start":{"line":113,"column":6},"end":{"line":115,"column":7}},"type":"if","locations":[{"start":{"line":113,"column":6},"end":{"line":115,"column":7}},{"start":{},"end":{}}],"line":113},"5":{"loc":{"start":{"line":142,"column":6},"end":{"line":144,"column":7}},"type":"if","locations":[{"start":{"line":142,"column":6},"end":{"line":144,"column":7}},{"start":{},"end":{}}],"line":142}},"s":{"0":1,"1":1,"2":1,"3":1,"4":1,"5":0,"6":0,"7":0,"8":0,"9":0,"10":0,"11":0,"12":0,"13":0,"14":0,"15":0,"16":0,"17":1,"18":0,"19":0,"20":0,"21":0,"22":0,"23":1,"24":0,"25":0,"26":0,"27":0,"28":0,"29":0,"30":0,"31":0,"32":1,"33":0,"34":0,"35":0,"36":0,"37":0,"38":0,"39":0,"40":0,"41":1,"42":0,"43":0,"44":0,"45":0,"46":0,"47":0,"48":0,"49":1,"50":0,"51":0,"52":0,"53":0,"54":0,"55":0,"56":0,"57":0,"58":0,"59":0,"60":0,"61":0,"62":1,"63":0,"64":0,"65":0,"66":0,"67":0,"68":0,"69":0,"70":0,"71":1},"f":{"0":0,"1":0,"2":0,"3":0,"4":0,"5":0,"6":0},"b":{"0":[0,0],"1":[0,0],"2":[0,0],"3":[0,0,0,0],"4":[0,0],"5":[0,0]},"_coverageSchema":"1a1c01bbd47fc00a2c39e90264f33305004495a9","hash":"4e93890df9e422bba4fd0b5981e747a6b4ffa4f8"}
,"C:\\Users\\abous\\OneDrive\\Bureau\\FlowPi\\IntegratedProjectManagementApplication\\controllers\\groupController.js": {"path":"C:\\Users\\abous\\OneDrive\\Bureau\\FlowPi\\IntegratedProjectManagementApplication\\controllers\\groupController.js","statementMap":{"0":{"start":{"line":1,"column":0},"end":{"line":1,"column":27}},"1":{"start":{"line":2,"column":19},"end":{"line":2,"column":40}},"2":{"start":{"line":4,"column":13},"end":{"line":4,"column":38}},"3":{"start":{"line":5,"column":14},"end":{"line":5,"column":40}},"4":{"start":{"line":6,"column":17},"end":{"line":6,"column":36}},"5":{"start":{"line":12,"column":20},"end":{"line":18,"column":2}},"6":{"start":{"line":20,"column":28},"end":{"line":66,"column":1}},"7":{"start":{"line":22,"column":15},"end":{"line":22,"column":55}},"8":{"start":{"line":25,"column":19},"end":{"line":25,"column":44}},"9":{"start":{"line":26,"column":22},"end":{"line":57,"column":3}},"10":{"start":{"line":59,"column":2},"end":{"line":65,"column":3}},"11":{"start":{"line":60,"column":4},"end":{"line":60,"column":50}},"12":{"start":{"line":61,"column":4},"end":{"line":61,"column":44}},"13":{"start":{"line":62,"column":4},"end":{"line":62,"column":49}},"14":{"start":{"line":64,"column":4},"end":{"line":64,"column":49}},"15":{"start":{"line":76,"column":21},"end":{"line":92,"column":1}},"16":{"start":{"line":77,"column":2},"end":{"line":91,"column":3}},"17":{"start":{"line":78,"column":19},"end":{"line":86,"column":8}},"18":{"start":{"line":88,"column":4},"end":{"line":88,"column":21}},"19":{"start":{"line":90,"column":4},"end":{"line":90,"column":53}},"20":{"start":{"line":94,"column":21},"end":{"line":101,"column":1}},"21":{"start":{"line":95,"column":2},"end":{"line":100,"column":3}},"22":{"start":{"line":96,"column":18},"end":{"line":96,"column":53}},"23":{"start":{"line":97,"column":4},"end":{"line":97,"column":20}},"24":{"start":{"line":99,"column":4},"end":{"line":99,"column":53}},"25":{"start":{"line":103,"column":23},"end":{"line":110,"column":1}},"26":{"start":{"line":104,"column":2},"end":{"line":109,"column":3}},"27":{"start":{"line":105,"column":18},"end":{"line":105,"column":64}},"28":{"start":{"line":106,"column":4},"end":{"line":106,"column":20}},"29":{"start":{"line":108,"column":4},"end":{"line":108,"column":53}},"30":{"start":{"line":112,"column":24},"end":{"line":119,"column":1}},"31":{"start":{"line":113,"column":2},"end":{"line":118,"column":3}},"32":{"start":{"line":114,"column":18},"end":{"line":114,"column":73}},"33":{"start":{"line":115,"column":4},"end":{"line":115,"column":28}},"34":{"start":{"line":117,"column":4},"end":{"line":117,"column":53}},"35":{"start":{"line":120,"column":20},"end":{"line":162,"column":1}},"36":{"start":{"line":121,"column":2},"end":{"line":161,"column":3}},"37":{"start":{"line":122,"column":4},"end":{"line":122,"column":65}},"38":{"start":{"line":124,"column":18},"end":{"line":124,"column":37}},"39":{"start":{"line":125,"column":4},"end":{"line":125,"column":23}},"40":{"start":{"line":126,"column":4},"end":{"line":126,"column":41}},"41":{"start":{"line":128,"column":28},"end":{"line":128,"column":44}},"42":{"start":{"line":129,"column":4},"end":{"line":129,"column":54}},"43":{"start":{"line":131,"column":26},"end":{"line":144,"column":6}},"44":{"start":{"line":132,"column":19},"end":{"line":132,"column":46}},"45":{"start":{"line":133,"column":6},"end":{"line":136,"column":7}},"46":{"start":{"line":134,"column":8},"end":{"line":134,"column":59}},"47":{"start":{"line":135,"column":8},"end":{"line":135,"column":15}},"48":{"start":{"line":138,"column":6},"end":{"line":138,"column":53}},"49":{"start":{"line":139,"column":6},"end":{"line":143,"column":7}},"50":{"start":{"line":140,"column":8},"end":{"line":140,"column":69}},"51":{"start":{"line":142,"column":8},"end":{"line":142,"column":71}},"52":{"start":{"line":146,"column":4},"end":{"line":146,"column":37}},"53":{"start":{"line":147,"column":4},"end":{"line":147,"column":32}},"54":{"start":{"line":149,"column":4},"end":{"line":149,"column":57}},"55":{"start":{"line":152,"column":4},"end":{"line":156,"column":5}},"56":{"start":{"line":153,"column":6},"end":{"line":155,"column":9}},"57":{"start":{"line":158,"column":4},"end":{"line":160,"column":7}},"58":{"start":{"line":170,"column":20},"end":{"line":206,"column":1}},"59":{"start":{"line":171,"column":2},"end":{"line":205,"column":3}},"60":{"start":{"line":172,"column":19},"end":{"line":172,"column":29}},"61":{"start":{"line":173,"column":21},"end":{"line":173,"column":29}},"62":{"start":{"line":176,"column":4},"end":{"line":187,"column":5}},"63":{"start":{"line":177,"column":28},"end":{"line":180,"column":8}},"64":{"start":{"line":182,"column":6},"end":{"line":186,"column":7}},"65":{"start":{"line":183,"column":8},"end":{"line":185,"column":11}},"66":{"start":{"line":190,"column":18},"end":{"line":190,"column":42}},"67":{"start":{"line":191,"column":4},"end":{"line":193,"column":5}},"68":{"start":{"line":192,"column":6},"end":{"line":192,"column":66}},"69":{"start":{"line":195,"column":4},"end":{"line":195,"column":32}},"70":{"start":{"line":195,"column":14},"end":{"line":195,"column":32}},"71":{"start":{"line":196,"column":4},"end":{"line":196,"column":59}},"72":{"start":{"line":196,"column":26},"end":{"line":196,"column":59}},"73":{"start":{"line":198,"column":4},"end":{"line":198,"column":23}},"74":{"start":{"line":199,"column":4},"end":{"line":199,"column":20}},"75":{"start":{"line":201,"column":4},"end":{"line":201,"column":50}},"76":{"start":{"line":202,"column":4},"end":{"line":204,"column":7}},"77":{"start":{"line":208,"column":20},"end":{"line":215,"column":1}},"78":{"start":{"line":209,"column":2},"end":{"line":214,"column":3}},"79":{"start":{"line":210,"column":4},"end":{"line":210,"column":49}},"80":{"start":{"line":211,"column":4},"end":{"line":211,"column":43}},"81":{"start":{"line":213,"column":4},"end":{"line":213,"column":53}},"82":{"start":{"line":217,"column":18},"end":{"line":231,"column":1}},"83":{"start":{"line":218,"column":2},"end":{"line":230,"column":3}},"84":{"start":{"line":219,"column":18},"end":{"line":219,"column":53}},"85":{"start":{"line":220,"column":17},"end":{"line":221,"column":41}},"86":{"start":{"line":222,"column":4},"end":{"line":224,"column":5}},"87":{"start":{"line":223,"column":6},"end":{"line":223,"column":65}},"88":{"start":{"line":225,"column":4},"end":{"line":225,"column":33}},"89":{"start":{"line":226,"column":4},"end":{"line":226,"column":23}},"90":{"start":{"line":227,"column":4},"end":{"line":227,"column":20}},"91":{"start":{"line":229,"column":4},"end":{"line":229,"column":53}},"92":{"start":{"line":233,"column":21},"end":{"line":248,"column":1}},"93":{"start":{"line":234,"column":2},"end":{"line":247,"column":5}},"94":{"start":{"line":235,"column":18},"end":{"line":235,"column":53}},"95":{"start":{"line":236,"column":17},"end":{"line":237,"column":68}},"96":{"start":{"line":238,"column":4},"end":{"line":240,"column":5}},"97":{"start":{"line":239,"column":6},"end":{"line":239,"column":65}},"98":{"start":{"line":241,"column":4},"end":{"line":241,"column":33}},"99":{"start":{"line":242,"column":4},"end":{"line":242,"column":23}},"100":{"start":{"line":243,"column":4},"end":{"line":243,"column":20}},"101":{"start":{"line":246,"column":6},"end":{"line":246,"column":55}},"102":{"start":{"line":251,"column":20},"end":{"line":272,"column":1}},"103":{"start":{"line":252,"column":2},"end":{"line":271,"column":3}},"104":{"start":{"line":253,"column":19},"end":{"line":253,"column":29}},"105":{"start":{"line":254,"column":4},"end":{"line":254,"column":47}},"106":{"start":{"line":256,"column":4},"end":{"line":258,"column":5}},"107":{"start":{"line":257,"column":6},"end":{"line":257,"column":75}},"108":{"start":{"line":261,"column":19},"end":{"line":264,"column":40}},"109":{"start":{"line":266,"column":4},"end":{"line":266,"column":21}},"110":{"start":{"line":269,"column":4},"end":{"line":269,"column":51}},"111":{"start":{"line":270,"column":4},"end":{"line":270,"column":81}},"112":{"start":{"line":274,"column":25},"end":{"line":304,"column":1}},"113":{"start":{"line":275,"column":2},"end":{"line":303,"column":3}},"114":{"start":{"line":276,"column":24},"end":{"line":276,"column":34}},"115":{"start":{"line":277,"column":19},"end":{"line":277,"column":29}},"116":{"start":{"line":280,"column":18},"end":{"line":280,"column":47}},"117":{"start":{"line":281,"column":4},"end":{"line":283,"column":5}},"118":{"start":{"line":282,"column":6},"end":{"line":282,"column":66}},"119":{"start":{"line":286,"column":21},"end":{"line":286,"column":51}},"120":{"start":{"line":287,"column":4},"end":{"line":289,"column":5}},"121":{"start":{"line":288,"column":6},"end":{"line":288,"column":85}},"122":{"start":{"line":292,"column":4},"end":{"line":292,"column":31}},"123":{"start":{"line":293,"column":4},"end":{"line":293,"column":23}},"124":{"start":{"line":295,"column":4},"end":{"line":298,"column":7}},"125":{"start":{"line":301,"column":4},"end":{"line":301,"column":56}},"126":{"start":{"line":302,"column":4},"end":{"line":302,"column":76}},"127":{"start":{"line":305,"column":23},"end":{"line":312,"column":1}},"128":{"start":{"line":306,"column":2},"end":{"line":311,"column":3}},"129":{"start":{"line":307,"column":18},"end":{"line":307,"column":63}},"130":{"start":{"line":308,"column":4},"end":{"line":308,"column":34}},"131":{"start":{"line":310,"column":4},"end":{"line":310,"column":53}},"132":{"start":{"line":315,"column":32},"end":{"line":327,"column":1}},"133":{"start":{"line":316,"column":2},"end":{"line":326,"column":3}},"134":{"start":{"line":317,"column":19},"end":{"line":322,"column":8}},"135":{"start":{"line":323,"column":4},"end":{"line":323,"column":21}},"136":{"start":{"line":325,"column":4},"end":{"line":325,"column":53}},"137":{"start":{"line":328,"column":25},"end":{"line":351,"column":1}},"138":{"start":{"line":329,"column":2},"end":{"line":350,"column":3}},"139":{"start":{"line":330,"column":24},"end":{"line":330,"column":34}},"140":{"start":{"line":331,"column":19},"end":{"line":331,"column":29}},"141":{"start":{"line":333,"column":18},"end":{"line":333,"column":47}},"142":{"start":{"line":334,"column":4},"end":{"line":334,"column":76}},"143":{"start":{"line":334,"column":16},"end":{"line":334,"column":76}},"144":{"start":{"line":337,"column":4},"end":{"line":339,"column":5}},"145":{"start":{"line":338,"column":6},"end":{"line":338,"column":76}},"146":{"start":{"line":342,"column":4},"end":{"line":345,"column":5}},"147":{"start":{"line":343,"column":6},"end":{"line":343,"column":41}},"148":{"start":{"line":344,"column":6},"end":{"line":344,"column":25}},"149":{"start":{"line":347,"column":4},"end":{"line":347,"column":68}},"150":{"start":{"line":349,"column":4},"end":{"line":349,"column":53}},"151":{"start":{"line":352,"column":0},"end":{"line":364,"column":2}}},"fnMap":{"0":{"name":"(anonymous_0)","decl":{"start":{"line":20,"column":28},"end":{"line":20,"column":29}},"loc":{"start":{"line":20,"column":68},"end":{"line":66,"column":1}},"line":20},"1":{"name":"(anonymous_1)","decl":{"start":{"line":76,"column":21},"end":{"line":76,"column":22}},"loc":{"start":{"line":76,"column":41},"end":{"line":92,"column":1}},"line":76},"2":{"name":"(anonymous_2)","decl":{"start":{"line":94,"column":21},"end":{"line":94,"column":22}},"loc":{"start":{"line":94,"column":41},"end":{"line":101,"column":1}},"line":94},"3":{"name":"(anonymous_3)","decl":{"start":{"line":103,"column":23},"end":{"line":103,"column":24}},"loc":{"start":{"line":103,"column":43},"end":{"line":110,"column":1}},"line":103},"4":{"name":"(anonymous_4)","decl":{"start":{"line":112,"column":24},"end":{"line":112,"column":25}},"loc":{"start":{"line":112,"column":44},"end":{"line":119,"column":1}},"line":112},"5":{"name":"(anonymous_5)","decl":{"start":{"line":120,"column":20},"end":{"line":120,"column":21}},"loc":{"start":{"line":120,"column":40},"end":{"line":162,"column":1}},"line":120},"6":{"name":"(anonymous_6)","decl":{"start":{"line":131,"column":46},"end":{"line":131,"column":47}},"loc":{"start":{"line":131,"column":64},"end":{"line":144,"column":5}},"line":131},"7":{"name":"(anonymous_7)","decl":{"start":{"line":170,"column":20},"end":{"line":170,"column":21}},"loc":{"start":{"line":170,"column":40},"end":{"line":206,"column":1}},"line":170},"8":{"name":"(anonymous_8)","decl":{"start":{"line":208,"column":20},"end":{"line":208,"column":21}},"loc":{"start":{"line":208,"column":40},"end":{"line":215,"column":1}},"line":208},"9":{"name":"(anonymous_9)","decl":{"start":{"line":217,"column":18},"end":{"line":217,"column":19}},"loc":{"start":{"line":217,"column":38},"end":{"line":231,"column":1}},"line":217},"10":{"name":"(anonymous_10)","decl":{"start":{"line":233,"column":21},"end":{"line":233,"column":22}},"loc":{"start":{"line":233,"column":41},"end":{"line":248,"column":1}},"line":233},"11":{"name":"(anonymous_11)","decl":{"start":{"line":251,"column":20},"end":{"line":251,"column":21}},"loc":{"start":{"line":251,"column":40},"end":{"line":272,"column":1}},"line":251},"12":{"name":"(anonymous_12)","decl":{"start":{"line":274,"column":25},"end":{"line":274,"column":26}},"loc":{"start":{"line":274,"column":45},"end":{"line":304,"column":1}},"line":274},"13":{"name":"(anonymous_13)","decl":{"start":{"line":305,"column":23},"end":{"line":305,"column":24}},"loc":{"start":{"line":305,"column":43},"end":{"line":312,"column":1}},"line":305},"14":{"name":"(anonymous_14)","decl":{"start":{"line":315,"column":32},"end":{"line":315,"column":33}},"loc":{"start":{"line":315,"column":52},"end":{"line":327,"column":1}},"line":315},"15":{"name":"(anonymous_15)","decl":{"start":{"line":328,"column":25},"end":{"line":328,"column":26}},"loc":{"start":{"line":328,"column":45},"end":{"line":351,"column":1}},"line":328}},"branchMap":{"0":{"loc":{"start":{"line":25,"column":19},"end":{"line":25,"column":44}},"type":"cond-expr","locations":[{"start":{"line":25,"column":26},"end":{"line":25,"column":35}},{"start":{"line":25,"column":38},"end":{"line":25,"column":44}}],"line":25},"1":{"loc":{"start":{"line":133,"column":6},"end":{"line":136,"column":7}},"type":"if","locations":[{"start":{"line":133,"column":6},"end":{"line":136,"column":7}},{"start":{},"end":{}}],"line":133},"2":{"loc":{"start":{"line":139,"column":6},"end":{"line":143,"column":7}},"type":"if","locations":[{"start":{"line":139,"column":6},"end":{"line":143,"column":7}},{"start":{"line":141,"column":13},"end":{"line":143,"column":7}}],"line":139},"3":{"loc":{"start":{"line":152,"column":4},"end":{"line":156,"column":5}},"type":"if","locations":[{"start":{"line":152,"column":4},"end":{"line":156,"column":5}},{"start":{},"end":{}}],"line":152},"4":{"loc":{"start":{"line":152,"column":8},"end":{"line":152,"column":73}},"type":"binary-expr","locations":[{"start":{"line":152,"column":8},"end":{"line":152,"column":28}},{"start":{"line":152,"column":32},"end":{"line":152,"column":48}},{"start":{"line":152,"column":52},"end":{"line":152,"column":73}}],"line":152},"5":{"loc":{"start":{"line":176,"column":4},"end":{"line":187,"column":5}},"type":"if","locations":[{"start":{"line":176,"column":4},"end":{"line":187,"column":5}},{"start":{},"end":{}}],"line":176},"6":{"loc":{"start":{"line":182,"column":6},"end":{"line":186,"column":7}},"type":"if","locations":[{"start":{"line":182,"column":6},"end":{"line":186,"column":7}},{"start":{},"end":{}}],"line":182},"7":{"loc":{"start":{"line":191,"column":4},"end":{"line":193,"column":5}},"type":"if","locations":[{"start":{"line":191,"column":4},"end":{"line":193,"column":5}},{"start":{},"end":{}}],"line":191},"8":{"loc":{"start":{"line":195,"column":4},"end":{"line":195,"column":32}},"type":"if","locations":[{"start":{"line":195,"column":4},"end":{"line":195,"column":32}},{"start":{},"end":{}}],"line":195},"9":{"loc":{"start":{"line":196,"column":4},"end":{"line":196,"column":59}},"type":"if","locations":[{"start":{"line":196,"column":4},"end":{"line":196,"column":59}},{"start":{},"end":{}}],"line":196},"10":{"loc":{"start":{"line":203,"column":15},"end":{"line":203,"column":76}},"type":"binary-expr","locations":[{"start":{"line":203,"column":15},"end":{"line":203,"column":28}},{"start":{"line":203,"column":32},"end":{"line":203,"column":76}}],"line":203},"11":{"loc":{"start":{"line":222,"column":4},"end":{"line":224,"column":5}},"type":"if","locations":[{"start":{"line":222,"column":4},"end":{"line":224,"column":5}},{"start":{},"end":{}}],"line":222},"12":{"loc":{"start":{"line":237,"column":15},"end":{"line":237,"column":67}},"type":"binary-expr","locations":[{"start":{"line":237,"column":15},"end":{"line":237,"column":41}},{"start":{"line":237,"column":45},"end":{"line":237,"column":67}}],"line":237},"13":{"loc":{"start":{"line":238,"column":4},"end":{"line":240,"column":5}},"type":"if","locations":[{"start":{"line":238,"column":4},"end":{"line":240,"column":5}},{"start":{},"end":{}}],"line":238},"14":{"loc":{"start":{"line":256,"column":4},"end":{"line":258,"column":5}},"type":"if","locations":[{"start":{"line":256,"column":4},"end":{"line":258,"column":5}},{"start":{},"end":{}}],"line":256},"15":{"loc":{"start":{"line":281,"column":4},"end":{"line":283,"column":5}},"type":"if","locations":[{"start":{"line":281,"column":4},"end":{"line":283,"column":5}},{"start":{},"end":{}}],"line":281},"16":{"loc":{"start":{"line":287,"column":4},"end":{"line":289,"column":5}},"type":"if","locations":[{"start":{"line":287,"column":4},"end":{"line":289,"column":5}},{"start":{},"end":{}}],"line":287},"17":{"loc":{"start":{"line":334,"column":4},"end":{"line":334,"column":76}},"type":"if","locations":[{"start":{"line":334,"column":4},"end":{"line":334,"column":76}},{"start":{},"end":{}}],"line":334},"18":{"loc":{"start":{"line":337,"column":4},"end":{"line":339,"column":5}},"type":"if","locations":[{"start":{"line":337,"column":4},"end":{"line":339,"column":5}},{"start":{},"end":{}}],"line":337},"19":{"loc":{"start":{"line":342,"column":4},"end":{"line":345,"column":5}},"type":"if","locations":[{"start":{"line":342,"column":4},"end":{"line":345,"column":5}},{"start":{},"end":{}}],"line":342}},"s":{"0":1,"1":1,"2":1,"3":1,"4":1,"5":1,"6":1,"7":0,"8":0,"9":0,"10":0,"11":0,"12":0,"13":0,"14":0,"15":1,"16":0,"17":0,"18":0,"19":0,"20":1,"21":0,"22":0,"23":0,"24":0,"25":1,"26":0,"27":0,"28":0,"29":0,"30":1,"31":0,"32":0,"33":0,"34":0,"35":1,"36":0,"37":0,"38":0,"39":0,"40":0,"41":0,"42":0,"43":0,"44":0,"45":0,"46":0,"47":0,"48":0,"49":0,"50":0,"51":0,"52":0,"53":0,"54":0,"55":0,"56":0,"57":0,"58":1,"59":0,"60":0,"61":0,"62":0,"63":0,"64":0,"65":0,"66":0,"67":0,"68":0,"69":0,"70":0,"71":0,"72":0,"73":0,"74":0,"75":0,"76":0,"77":1,"78":0,"79":0,"80":0,"81":0,"82":1,"83":0,"84":0,"85":0,"86":0,"87":0,"88":0,"89":0,"90":0,"91":0,"92":1,"93":0,"94":0,"95":0,"96":0,"97":0,"98":0,"99":0,"100":0,"101":0,"102":1,"103":0,"104":0,"105":0,"106":0,"107":0,"108":0,"109":0,"110":0,"111":0,"112":1,"113":0,"114":0,"115":0,"116":0,"117":0,"118":0,"119":0,"120":0,"121":0,"122":0,"123":0,"124":0,"125":0,"126":0,"127":1,"128":0,"129":0,"130":0,"131":0,"132":1,"133":0,"134":0,"135":0,"136":0,"137":1,"138":0,"139":0,"140":0,"141":0,"142":0,"143":0,"144":0,"145":0,"146":0,"147":0,"148":0,"149":0,"150":0,"151":1},"f":{"0":0,"1":0,"2":0,"3":0,"4":0,"5":0,"6":0,"7":0,"8":0,"9":0,"10":0,"11":0,"12":0,"13":0,"14":0,"15":0},"b":{"0":[0,0],"1":[0,0],"2":[0,0],"3":[0,0],"4":[0,0,0],"5":[0,0],"6":[0,0],"7":[0,0],"8":[0,0],"9":[0,0],"10":[0,0],"11":[0,0],"12":[0,0],"13":[0,0],"14":[0,0],"15":[0,0],"16":[0,0],"17":[0,0],"18":[0,0],"19":[0,0]},"_coverageSchema":"1a1c01bbd47fc00a2c39e90264f33305004495a9","hash":"ab04934404aeac4399104dc39fa33230b3274825"}
,"C:\\Users\\abous\\OneDrive\\Bureau\\FlowPi\\IntegratedProjectManagementApplication\\controllers\\messageController.js": {"path":"C:\\Users\\abous\\OneDrive\\Bureau\\FlowPi\\IntegratedProjectManagementApplication\\controllers\\messageController.js","statementMap":{"0":{"start":{"line":1,"column":16},"end":{"line":1,"column":44}},"1":{"start":{"line":2,"column":13},"end":{"line":2,"column":38}},"2":{"start":{"line":3,"column":17},"end":{"line":3,"column":36}},"3":{"start":{"line":6,"column":32},"end":{"line":36,"column":1}},"4":{"start":{"line":7,"column":2},"end":{"line":35,"column":3}},"5":{"start":{"line":8,"column":19},"end":{"line":8,"column":29}},"6":{"start":{"line":11,"column":25},"end":{"line":24,"column":6}},"7":{"start":{"line":26,"column":25},"end":{"line":29,"column":10}},"8":{"start":{"line":27,"column":6},"end":{"line":27,"column":44}},"9":{"start":{"line":28,"column":6},"end":{"line":28,"column":17}},"10":{"start":{"line":31,"column":4},"end":{"line":31,"column":39}},"11":{"start":{"line":33,"column":4},"end":{"line":33,"column":70}},"12":{"start":{"line":34,"column":4},"end":{"line":34,"column":76}},"13":{"start":{"line":37,"column":28},"end":{"line":98,"column":1}},"14":{"start":{"line":38,"column":2},"end":{"line":97,"column":3}},"15":{"start":{"line":39,"column":19},"end":{"line":39,"column":29}},"16":{"start":{"line":40,"column":4},"end":{"line":40,"column":31}},"17":{"start":{"line":42,"column":26},"end":{"line":90,"column":6}},"18":{"start":{"line":93,"column":4},"end":{"line":93,"column":40}},"19":{"start":{"line":95,"column":4},"end":{"line":95,"column":58}},"20":{"start":{"line":96,"column":4},"end":{"line":96,"column":54}},"21":{"start":{"line":100,"column":20},"end":{"line":172,"column":1}},"22":{"start":{"line":101,"column":2},"end":{"line":171,"column":3}},"23":{"start":{"line":102,"column":36},"end":{"line":102,"column":44}},"24":{"start":{"line":103,"column":21},"end":{"line":103,"column":31}},"25":{"start":{"line":105,"column":4},"end":{"line":105,"column":47}},"26":{"start":{"line":106,"column":4},"end":{"line":106,"column":40}},"27":{"start":{"line":107,"column":4},"end":{"line":107,"column":44}},"28":{"start":{"line":108,"column":4},"end":{"line":108,"column":37}},"29":{"start":{"line":111,"column":21},"end":{"line":111,"column":52}},"30":{"start":{"line":112,"column":4},"end":{"line":115,"column":5}},"31":{"start":{"line":113,"column":6},"end":{"line":113,"column":74}},"32":{"start":{"line":114,"column":6},"end":{"line":114,"column":69}},"33":{"start":{"line":118,"column":19},"end":{"line":118,"column":48}},"34":{"start":{"line":119,"column":4},"end":{"line":121,"column":5}},"35":{"start":{"line":120,"column":6},"end":{"line":120,"column":67}},"36":{"start":{"line":124,"column":4},"end":{"line":126,"column":5}},"37":{"start":{"line":125,"column":6},"end":{"line":125,"column":85}},"38":{"start":{"line":129,"column":20},"end":{"line":139,"column":6}},"39":{"start":{"line":134,"column":54},"end":{"line":138,"column":7}},"40":{"start":{"line":141,"column":4},"end":{"line":141,"column":25}},"41":{"start":{"line":144,"column":29},"end":{"line":146,"column":52}},"42":{"start":{"line":149,"column":15},"end":{"line":149,"column":32}},"43":{"start":{"line":152,"column":4},"end":{"line":152,"column":71}},"44":{"start":{"line":155,"column":4},"end":{"line":155,"column":69}},"45":{"start":{"line":158,"column":4},"end":{"line":162,"column":7}},"46":{"start":{"line":164,"column":4},"end":{"line":167,"column":7}},"47":{"start":{"line":169,"column":4},"end":{"line":169,"column":51}},"48":{"start":{"line":170,"column":4},"end":{"line":170,"column":76}},"49":{"start":{"line":175,"column":22},"end":{"line":195,"column":1}},"50":{"start":{"line":176,"column":2},"end":{"line":194,"column":3}},"51":{"start":{"line":177,"column":19},"end":{"line":177,"column":29}},"52":{"start":{"line":180,"column":21},"end":{"line":188,"column":28}},"53":{"start":{"line":190,"column":4},"end":{"line":190,"column":23}},"54":{"start":{"line":192,"column":4},"end":{"line":192,"column":53}},"55":{"start":{"line":193,"column":4},"end":{"line":193,"column":76}},"56":{"start":{"line":198,"column":24},"end":{"line":219,"column":1}},"57":{"start":{"line":199,"column":2},"end":{"line":218,"column":3}},"58":{"start":{"line":200,"column":19},"end":{"line":200,"column":29}},"59":{"start":{"line":201,"column":24},"end":{"line":201,"column":41}},"60":{"start":{"line":204,"column":21},"end":{"line":212,"column":27}},"61":{"start":{"line":214,"column":4},"end":{"line":214,"column":23}},"62":{"start":{"line":216,"column":4},"end":{"line":216,"column":57}},"63":{"start":{"line":217,"column":4},"end":{"line":217,"column":76}},"64":{"start":{"line":222,"column":23},"end":{"line":237,"column":1}},"65":{"start":{"line":223,"column":2},"end":{"line":236,"column":3}},"66":{"start":{"line":224,"column":19},"end":{"line":224,"column":29}},"67":{"start":{"line":227,"column":18},"end":{"line":230,"column":6}},"68":{"start":{"line":232,"column":4},"end":{"line":232,"column":37}},"69":{"start":{"line":234,"column":4},"end":{"line":234,"column":60}},"70":{"start":{"line":235,"column":4},"end":{"line":235,"column":76}},"71":{"start":{"line":240,"column":19},"end":{"line":273,"column":1}},"72":{"start":{"line":241,"column":2},"end":{"line":272,"column":3}},"73":{"start":{"line":242,"column":22},"end":{"line":242,"column":42}},"74":{"start":{"line":243,"column":19},"end":{"line":243,"column":29}},"75":{"start":{"line":246,"column":20},"end":{"line":246,"column":53}},"76":{"start":{"line":249,"column":4},"end":{"line":251,"column":5}},"77":{"start":{"line":250,"column":6},"end":{"line":250,"column":68}},"78":{"start":{"line":254,"column":4},"end":{"line":256,"column":5}},"79":{"start":{"line":255,"column":6},"end":{"line":255,"column":92}},"80":{"start":{"line":259,"column":4},"end":{"line":259,"column":26}},"81":{"start":{"line":260,"column":4},"end":{"line":260,"column":25}},"82":{"start":{"line":263,"column":4},"end":{"line":266,"column":7}},"83":{"start":{"line":268,"column":4},"end":{"line":268,"column":67}},"84":{"start":{"line":270,"column":4},"end":{"line":270,"column":59}},"85":{"start":{"line":271,"column":4},"end":{"line":271,"column":76}},"86":{"start":{"line":276,"column":22},"end":{"line":311,"column":1}},"87":{"start":{"line":277,"column":2},"end":{"line":310,"column":3}},"88":{"start":{"line":278,"column":19},"end":{"line":278,"column":29}},"89":{"start":{"line":279,"column":21},"end":{"line":279,"column":38}},"90":{"start":{"line":282,"column":21},"end":{"line":286,"column":6}},"91":{"start":{"line":289,"column":19},"end":{"line":292,"column":5}},"92":{"start":{"line":295,"column":4},"end":{"line":301,"column":5}},"93":{"start":{"line":296,"column":25},"end":{"line":296,"column":53}},"94":{"start":{"line":296,"column":45},"end":{"line":296,"column":52}},"95":{"start":{"line":297,"column":6},"end":{"line":300,"column":9}},"96":{"start":{"line":303,"column":4},"end":{"line":306,"column":7}},"97":{"start":{"line":308,"column":4},"end":{"line":308,"column":60}},"98":{"start":{"line":309,"column":4},"end":{"line":309,"column":76}},"99":{"start":{"line":314,"column":22},"end":{"line":351,"column":1}},"100":{"start":{"line":315,"column":2},"end":{"line":350,"column":3}},"101":{"start":{"line":316,"column":22},"end":{"line":316,"column":42}},"102":{"start":{"line":317,"column":19},"end":{"line":317,"column":29}},"103":{"start":{"line":320,"column":20},"end":{"line":320,"column":53}},"104":{"start":{"line":323,"column":4},"end":{"line":325,"column":5}},"105":{"start":{"line":324,"column":6},"end":{"line":324,"column":68}},"106":{"start":{"line":328,"column":4},"end":{"line":330,"column":5}},"107":{"start":{"line":329,"column":6},"end":{"line":329,"column":86}},"108":{"start":{"line":333,"column":24},"end":{"line":335,"column":33}},"109":{"start":{"line":338,"column":4},"end":{"line":338,"column":30}},"110":{"start":{"line":341,"column":4},"end":{"line":344,"column":7}},"111":{"start":{"line":346,"column":4},"end":{"line":346,"column":58}},"112":{"start":{"line":348,"column":4},"end":{"line":348,"column":52}},"113":{"start":{"line":349,"column":4},"end":{"line":349,"column":76}},"114":{"start":{"line":354,"column":27},"end":{"line":383,"column":1}},"115":{"start":{"line":355,"column":2},"end":{"line":382,"column":3}},"116":{"start":{"line":356,"column":19},"end":{"line":356,"column":29}},"117":{"start":{"line":359,"column":21},"end":{"line":364,"column":6}},"118":{"start":{"line":367,"column":26},"end":{"line":370,"column":35}},"119":{"start":{"line":368,"column":29},"end":{"line":368,"column":50}},"120":{"start":{"line":369,"column":29},"end":{"line":369,"column":52}},"121":{"start":{"line":370,"column":21},"end":{"line":370,"column":34}},"122":{"start":{"line":373,"column":21},"end":{"line":376,"column":5}},"123":{"start":{"line":378,"column":4},"end":{"line":378,"column":23}},"124":{"start":{"line":380,"column":4},"end":{"line":380,"column":53}},"125":{"start":{"line":381,"column":4},"end":{"line":381,"column":76}},"126":{"start":{"line":386,"column":19},"end":{"line":394,"column":1}},"127":{"start":{"line":387,"column":35},"end":{"line":387,"column":39}},"128":{"start":{"line":390,"column":2},"end":{"line":393,"column":5}},"129":{"start":{"line":398,"column":23},"end":{"line":413,"column":1}},"130":{"start":{"line":399,"column":2},"end":{"line":412,"column":3}},"131":{"start":{"line":400,"column":15},"end":{"line":400,"column":32}},"132":{"start":{"line":402,"column":24},"end":{"line":406,"column":8}},"133":{"start":{"line":405,"column":8},"end":{"line":405,"column":46}},"134":{"start":{"line":408,"column":4},"end":{"line":408,"column":30}},"135":{"start":{"line":410,"column":4},"end":{"line":410,"column":56}},"136":{"start":{"line":411,"column":4},"end":{"line":411,"column":76}},"137":{"start":{"line":415,"column":0},"end":{"line":428,"column":2}}},"fnMap":{"0":{"name":"(anonymous_0)","decl":{"start":{"line":6,"column":32},"end":{"line":6,"column":33}},"loc":{"start":{"line":6,"column":52},"end":{"line":36,"column":1}},"line":6},"1":{"name":"(anonymous_1)","decl":{"start":{"line":26,"column":45},"end":{"line":26,"column":46}},"loc":{"start":{"line":26,"column":60},"end":{"line":29,"column":5}},"line":26},"2":{"name":"(anonymous_2)","decl":{"start":{"line":37,"column":28},"end":{"line":37,"column":29}},"loc":{"start":{"line":37,"column":48},"end":{"line":98,"column":1}},"line":37},"3":{"name":"(anonymous_3)","decl":{"start":{"line":100,"column":20},"end":{"line":100,"column":21}},"loc":{"start":{"line":100,"column":40},"end":{"line":172,"column":1}},"line":100},"4":{"name":"(anonymous_4)","decl":{"start":{"line":134,"column":45},"end":{"line":134,"column":46}},"loc":{"start":{"line":134,"column":54},"end":{"line":138,"column":7}},"line":134},"5":{"name":"(anonymous_5)","decl":{"start":{"line":175,"column":22},"end":{"line":175,"column":23}},"loc":{"start":{"line":175,"column":42},"end":{"line
[...]
,"C:\\Users\\abous\\OneDrive\\Bureau\\FlowPi\\IntegratedProjectManagementApplication\\routes\\deliverableRoutes.js": {"path":"C:\\Users\\abous\\OneDrive\\Bureau\\FlowPi\\IntegratedProjectManagementApplication\\routes\\deliverableRoutes.js","statementMap":{"0":{"start":{"line":1,"column":16},"end":{"line":1,"column":34}},"1":{"start":{"line":2,"column":15},"end":{"line":2,"column":32}},"2":{"start":{"line":11,"column":4},"end":{"line":11,"column":51}},"3":{"start":{"line":12,"column":30},"end":{"line":12,"column":76}},"4":{"start":{"line":14,"column":15},"end":{"line":14,"column":31}},"5":{"start":{"line":17,"column":15},"end":{"line":17,"column":43}},"6":{"start":{"line":20,"column":0},"end":{"line":20,"column":84}},"7":{"start":{"line":23,"column":0},"end":{"line":23,"column":66}},"8":{"start":{"line":26,"column":0},"end":{"line":26,"column":68}},"9":{"start":{"line":29,"column":0},"end":{"line":29,"column":62}},"10":{"start":{"line":32,"column":0},"end":{"line":32,"column":64}},"11":{"start":{"line":37,"column":0},"end":{"line":37,"column":77}},"12":{"start":{"line":40,"column":0},"end":{"line":40,"column":75}},"13":{"start":{"line":42,"column":0},"end":{"line":42,"column":24}}},"fnMap":{},"branchMap":{},"s":{"0":1,"1":1,"2":1,"3":1,"4":1,"5":1,"6":1,"7":1,"8":1,"9":1,"10":1,"11":1,"12":1,"13":1},"f":{},"b":{},"_coverageSchema":"1a1c01bbd47fc00a2c39e90264f33305004495a9","hash":"d0af2568e03e35e452650a98a413ad9ea9a7da62"}
,"C:\\Users\\abous\\OneDrive\\Bureau\\FlowPi\\IntegratedProjectManagementApplication\\routes\\groupRoutes.js": {"path":"C:\\Users\\abous\\OneDrive\\Bureau\\FlowPi\\IntegratedProjectManagementApplication\\routes\\groupRoutes.js","statementMap":{"0":{"start":{"line":1,"column":16},"end":{"line":1,"column":34}},"1":{"start":{"line":2,"column":17},"end":{"line":2,"column":36}},"2":{"start":{"line":16,"column":4},"end":{"line":16,"column":45}},"3":{"start":{"line":17,"column":24},"end":{"line":17,"column":64}},"4":{"start":{"line":18,"column":15},"end":{"line":18,"column":31}},"5":{"start":{"line":20,"column":0},"end":{"line":20,"column":54}},"6":{"start":{"line":21,"column":0},"end":{"line":21,"column":59}},"7":{"start":{"line":22,"column":0},"end":{"line":22,"column":64}},"8":{"start":{"line":23,"column":0},"end":{"line":23,"column":66}},"9":{"start":{"line":24,"column":0},"end":{"line":24,"column":55}},"10":{"start":{"line":25,"column":0},"end":{"line":25,"column":56}},"11":{"start":{"line":26,"column":0},"end":{"line":26,"column":62}},"12":{"start":{"line":27,"column":0},"end":{"line":27,"column":57}},"13":{"start":{"line":28,"column":0},"end":{"line":28,"column":62}},"14":{"start":{"line":29,"column":0},"end":{"line":29,"column":73}},"15":{"start":{"line":30,"column":0},"end":{"line":30,"column":51}},"16":{"start":{"line":31,"column":0},"end":{"line":31,"column":56}},"17":{"start":{"line":32,"column":0},"end":{"line":32,"column":74}},"18":{"start":{"line":34,"column":0},"end":{"line":34,"column":63}},"19":{"start":{"line":37,"column":0},"end":{"line":37,"column":24}}},"fnMap":{},"branchMap":{},"s":{"0":1,"1":1,"2":1,"3":1,"4":1,"5":1,"6":1,"7":1,"8":1,"9":1,"10":1,"11":1,"12":1,"13":1,"14":1,"15":1,"16":1,"17":1,"18":1,"19":1},"f":{},"b":{},"_coverageSchema":"1a1c01bbd47fc00a2c39e90264f33305004495a9","hash":"3085ad87937207cfe0dc69b3c642a791cc981b54"}
,"C:\\Users\\abous\\OneDrive\\Bureau\\FlowPi\\IntegratedProjectManagementApplication\\routes\\messageRoutes.js": {"path":"C:\\Users\\abous\\OneDrive\\Bureau\\FlowPi\\IntegratedProjectManagementApplication\\routes\\messageRoutes.js","statementMap":{"0":{"start":{"line":1,"column":16},"end":{"line":1,"column":34}},"1":{"start":{"line":2,"column":15},"end":{"line":2,"column":31}},"2":{"start":{"line":3,"column":24},"end":{"line":3,"column":64}},"3":{"start":{"line":16,"column":4},"end":{"line":16,"column":47}},"4":{"start":{"line":17,"column":19},"end":{"line":17,"column":44}},"5":{"start":{"line":21,"column":0},"end":{"line":21,"column":79}},"6":{"start":{"line":22,"column":0},"end":{"line":22,"column":55}},"7":{"start":{"line":23,"column":0},"end":{"line":23,"column":66}},"8":{"start":{"line":24,"column":0},"end":{"line":24,"column":57}},"9":{"start":{"line":25,"column":0},"end":{"line":25,"column":61}},"10":{"start":{"line":26,"column":0},"end":{"line":26,"column":65}},"11":{"start":{"line":27,"column":0},"end":{"line":27,"column":64}},"12":{"start":{"line":28,"column":0},"end":{"line":28,"column":57}},"13":{"start":{"line":29,"column":0},"end":{"line":29,"column":57}},"14":{"start":{"line":30,"column":0},"end":{"line":30,"column":63}},"15":{"start":{"line":31,"column":0},"end":{"line":31,"column":77}},"16":{"start":{"line":34,"column":0},"end":{"line":34,"column":24}}},"fnMap":{},"branchMap":{},"s":{"0":1,"1":1,"2":1,"3":1,"4":1,"5":1,"6":1,"7":1,"8":1,"9":1,"10":1,"11":1,"12":1,"13":1,"14":1,"15":1,"16":1},"f":{},"b":{},"_coverageSchema":"1a1c01bbd47fc00a2c39e90264f33305004495a9","hash":"e8f96756cca32ff5cc93ab8fedd70542db0655d7"}
,"C:\\Users\\abous\\OneDrive\\Bureau\\FlowPi\\IntegratedProjectManagementApplication\\routes\\progressRoutes.js": {"path":"C:\\Users\\abous\\OneDrive\\Bureau\\FlowPi\\IntegratedProjectManagementApplication\\routes\\progressRoutes.js","statementMap":{"0":{"start":{"line":2,"column":16},"end":{"line":2,"column":34}},"1":{"start":{"line":3,"column":27},"end":{"line":3,"column":71}},"2":{"start":{"line":4,"column":24},"end":{"line":4,"column":64}},"3":{"start":{"line":5,"column":15},"end":{"line":5,"column":31}},"4":{"start":{"line":8,"column":0},"end":{"line":8,"column":78}},"5":{"start":{"line":11,"column":0},"end":{"line":11,"column":78}},"6":{"start":{"line":13,"column":0},"end":{"line":13,"column":24}}},"fnMap":{},"branchMap":{},"s":{"0":1,"1":1,"2":1,"3":1,"4":1,"5":1,"6":1},"f":{},"b":{},"_coverageSchema":"1a1c01bbd47fc00a2c39e90264f33305004495a9","hash":"17814c625a7d229fb7900317e9b2ae72ecd6a20c"}
,"C:\\Users\\abous\\OneDrive\\Bureau\\FlowPi\\IntegratedProjectManagementApplication\\routes\\projectRoutes.js": {"path":"C:\\Users\\abous\\OneDrive\\Bureau\\FlowPi\\IntegratedProjectManagementApplication\\routes\\projectRoutes.js","statementMap":{"0":{"start":{"line":1,"column":16},"end":{"line":1,"column":34}},"1":{"start":{"line":2,"column":17},"end":{"line":2,"column":36}},"2":{"start":{"line":14,"column":4},"end":{"line":14,"column":47}},"3":{"start":{"line":15,"column":24},"end":{"line":15,"column":64}},"4":{"start":{"line":16,"column":15},"end":{"line":16,"column":31}},"5":{"start":{"line":18,"column":0},"end":{"line":18,"column":58}},"6":{"start":{"line":21,"column":0},"end":{"line":21,"column":53}},"7":{"start":{"line":24,"column":0},"end":{"line":24,"column":48}},"8":{"start":{"line":26,"column":0},"end":{"line":26,"column":43}},"9":{"start":{"line":27,"column":0},"end":{"line":27,"column":44}},"10":{"start":{"line":30,"column":0},"end":{"line":30,"column":46}},"11":{"start":{"line":31,"column":0},"end":{"line":31,"column":54}},"12":{"start":{"line":34,"column":0},"end":{"line":34,"column":24}}},"fnMap":{},"branchMap":{},"s":{"0":1,"1":1,"2":1,"3":1,"4":1,"5":1,"6":1,"7":1,"8":1,"9":1,"10":1,"11":1,"12":1},"f":{},"b":{},"_coverageSchema":"1a1c01bbd47fc00a2c39e90264f33305004495a9","hash":"09394a51a740181d676b030af06b965ec1f387ad"}
,"C:\\Users\\abous\\OneDrive\\Bureau\\FlowPi\\IntegratedProjectManagementApplication\\routes\\subjectRoutes.js": {"path":"C:\\Users\\abous\\OneDrive\\Bureau\\FlowPi\\IntegratedProjectManagementApplication\\routes\\subjectRoutes.js","statementMap":{"0":{"start":{"line":1,"column":16},"end":{"line":1,"column":34}},"1":{"start":{"line":2,"column":15},"end":{"line":2,"column":31}},"2":{"start":{"line":10,"column":4},"end":{"line":10,"column":47}},"3":{"start":{"line":11,"column":24},"end":{"line":11,"column":64}},"4":{"start":{"line":13,"column":0},"end":{"line":13,"column":59}},"5":{"start":{"line":14,"column":0},"end":{"line":14,"column":63}},"6":{"start":{"line":15,"column":0},"end":{"line":15,"column":58}},"7":{"start":{"line":16,"column":0},"end":{"line":16,"column":61}},"8":{"start":{"line":17,"column":0},"end":{"line":17,"column":64}},"9":{"start":{"line":18,"column":0},"end":{"line":18,"column":59}},"10":{"start":{"line":19,"column":0},"end":{"line":19,"column":24}}},"fnMap":{},"branchMap":{},"s":{"0":1,"1":1,"2":1,"3":1,"4":1,"5":1,"6":1,"7":1,"8":1,"9":1,"10":1},"f":{},"b":{},"_coverageSchema":"1a1c01bbd47fc00a2c39e90264f33305004495a9","hash":"98fb5126b6166b6481120e2162edcd0351685f4c"}
,"C:\\Users\\abous\\OneDrive\\Bureau\\FlowPi\\IntegratedProjectManagementApplication\\routes\\taskRoutes.js": {"path":"C:\\Users\\abous\\OneDrive\\Bureau\\FlowPi\\IntegratedProjectManagementApplication\\routes\\taskRoutes.js","statementMap":{"0":{"start":{"line":1,"column":16},"end":{"line":1,"column":34}},"1":{"start":{"line":2,"column":15},"end":{"line":2,"column":31}},"2":{"start":{"line":22,"column":4},"end":{"line":22,"column":44}},"3":{"start":{"line":23,"column":24},"end":{"line":23,"column":64}},"4":{"start":{"line":25,"column":0},"end":{"line":25,"column":53}},"5":{"start":{"line":26,"column":0},"end":{"line":26,"column":57}},"6":{"start":{"line":27,"column":0},"end":{"line":27,"column":63}},"7":{"start":{"line":28,"column":0},"end":{"line":28,"column":67}},"8":{"start":{"line":29,"column":0},"end":{"line":29,"column":61}},"9":{"start":{"line":30,"column":0},"end":{"line":30,"column":75}},"10":{"start":{"line":31,"column":0},"end":{"line":31,"column":52}},"11":{"start":{"line":32,"column":0},"end":{"line":32,"column":55}},"12":{"start":{"line":33,"column":0},"end":{"line":33,"column":58}},"13":{"start":{"line":34,"column":0},"end":{"line":34,"column":63}},"14":{"start":{"line":35,"column":0},"end":{"line":35,"column":69}},"15":{"start":{"line":36,"column":0},"end":{"line":36,"column":67}},"16":{"start":{"line":37,"column":0},"end":{"line":37,"column":55}},"17":{"start":{"line":38,"column":0},"end":{"line":38,"column":69}},"18":{"start":{"line":39,"column":0},"end":{"line":39,"column":71}},"19":{"start":{"line":40,"column":0},"end":{"line":40,"column":69}},"20":{"start":{"line":42,"column":0},"end":{"line":42,"column":102}},"21":{"start":{"line":44,"column":0},"end":{"line":44,"column":42}},"22":{"start":{"line":45,"column":0},"end":{"line":45,"column":24}}},"fnMap":{},"branchMap":{},"s":{"0":1,"1":1,"2":1,"3":1,"4":1,"5":1,"6":1,"7":1,"8":1,"9":1,"10":1,"11":1,"12":1,"13":1,"14":1,"15":1,"16":1,"17":1,"18":1,"19":1,"20":1,"21":1,"22":1},"f":{},"b":{},"_coverageSchema":"1a1c01bbd47fc00a2c39e90264f33305004495a9","hash":"b0bf5625147046c44f1feb4a3ba88c129443c60b"}
,"C:\\Users\\abous\\OneDrive\\Bureau\\FlowPi\\IntegratedProjectManagementApplication\\routes\\userRoutes.js": {"path":"C:\\Users\\abous\\OneDrive\\Bureau\\FlowPi\\IntegratedProjectManagementApplication\\routes\\userRoutes.js","statementMap":{"0":{"start":{"line":1,"column":16},"end":{"line":1,"column":34}},"1":{"start":{"line":2,"column":13},"end":{"line":2,"column":38}},"2":{"start":{"line":3,"column":12},"end":{"line":3,"column":35}},"3":{"start":{"line":4,"column":15},"end":{"line":4,"column":32}},"4":{"start":{"line":6,"column":16},"end":{"line":6,"column":36}},"5":{"start":{"line":29,"column":4},"end":{"line":29,"column":44}},"6":{"start":{"line":32,"column":20},"end":{"line":32,"column":59}},"7":{"start":{"line":33,"column":19},"end":{"line":33,"column":44}},"8":{"start":{"line":34,"column":15},"end":{"line":34,"column":31}},"9":{"start":{"line":35,"column":0},"end":{"line":37,"column":2}},"10":{"start":{"line":39,"column":0},"end":{"line":63,"column":2}},"11":{"start":{"line":42,"column":4},"end":{"line":45,"column":5}},"12":{"start":{"line":43,"column":6},"end":{"line":43,"column":69}},"13":{"start":{"line":44,"column":6},"end":{"line":44,"column":75}},"14":{"start":{"line":47,"column":4},"end":{"line":47,"column":57}},"15":{"start":{"line":50,"column":18},"end":{"line":54,"column":5}},"16":{"start":{"line":57,"column":24},"end":{"line":57,"column":90}},"17":{"start":{"line":58,"column":4},"end":{"line":58,"column":55}},"18":{"start":{"line":61,"column":4},"end":{"line":61,"column":30}},"19":{"start":{"line":69,"column":0},"end":{"line":69,"column":48}},"20":{"start":{"line":70,"column":0},"end":{"line":70,"column":68}},"21":{"start":{"line":71,"column":0},"end":{"line":71,"column":33}},"22":{"start":{"line":72,"column":0},"end":{"line":72,"column":48}},"23":{"start":{"line":75,"column":0},"end":{"line":75,"column":51}},"24":{"start":{"line":76,"column":0},"end":{"line":76,"column":63}},"25":{"start":{"line":77,"column":0},"end":{"line":77,"column":73}},"26":{"start":{"line":78,"column":0},"end":{"line":78,"column":45}},"27":{"start":{"line":79,"column":0},"end":{"line":79,"column":64}},"28":{"start":{"line":80,"column":0},"end":{"line":80,"column":60}},"29":{"start":{"line":81,"column":0},"end":{"line":81,"column":48}},"30":{"start":{"line":82,"column":0},"end":{"line":82,"column":58}},"31":{"start":{"line":84,"column":0},"end":{"line":84,"column":39}},"32":{"start":{"line":85,"column":0},"end":{"line":85,"column":52}},"33":{"start":{"line":87,"column":0},"end":{"line":87,"column":43}},"34":{"start":{"line":88,"column":0},"end":{"line":88,"column":53}},"35":{"start":{"line":89,"column":0},"end":{"line":89,"column":60}},"36":{"start":{"line":91,"column":0},"end":{"line":91,"column":24}}},"fnMap":{"0":{"name":"(anonymous_0)","decl":{"start":{"line":41,"column":2},"end":{"line":41,"column":3}},"loc":{"start":{"line":41,"column":22},"end":{"line":62,"column":3}},"line":41}},"branchMap":{"0":{"loc":{"start":{"line":42,"column":4},"end":{"line":45,"column":5}},"type":"if","locations":[{"start":{"line":42,"column":4},"end":{"line":45,"column":5}},{"start":{},"end":{}}],"line":42}},"s":{"0":1,"1":1,"2":1,"3":1,"4":1,"5":1,"6":1,"7":1,"8":1,"9":1,"10":1,"11":0,"12":0,"13":0,"14":0,"15":0,"16":0,"17":0,"18":0,"19":1,"20":1,"21":1,"22":1,"23":1,"24":1,"25":1,"26":1,"27":1,"28":1,"29":1,"30":1,"31":1,"32":1,"33":1,"34":1,"35":1,"36":1},"f":{"0":0},"b":{"0":[0,0]},"_coverageSchema":"1a1c01bbd47fc00a2c39e90264f33305004495a9","hash":"9856b9198294e83bfc358f5fd033f1bf82c6ac58"}
,"C:\\Users\\abous\\OneDrive\\Bureau\\FlowPi\\IntegratedProjectManagementApplication\\socket\\socketServer.js": {"path":"C:\\Users\\abous\\OneDrive\\Bureau\\FlowPi\\IntegratedProjectManagementApplication\\socket\\socketServer.js","statementMap":{"0":{"start":{"line":1,"column":12},"end":{"line":1,"column":35}},"1":{"start":{"line":2,"column":13},"end":{"line":2,"column":38}},"2":{"start":{"line":4,"column":18},"end":{"line":4,"column":71}},"3":{"start":{"line":7,"column":31},"end":{"line":73,"column":1}},"4":{"start":{"line":8,"column":13},"end":{"line":14,"column":4}},"5":{"start":{"line":16,"column":2},"end":{"line":39,"column":5}},"6":{"start":{"line":17,"column":4},"end":{"line":38,"column":5}},"7":{"start":{"line":18,"column":20},"end":{"line":18,"column":79}},"8":{"start":{"line":20,"column":6},"end":{"line":22,"column":7}},"9":{"start":{"line":21,"column":8},"end":{"line":21,"column":70}},"10":{"start":{"line":25,"column":22},"end":{"line":25,"column":50}},"11":{"start":{"line":26,"column":6},"end":{"line":26,"column":37}},"12":{"start":{"line":29,"column":19},"end":{"line":29,"column":54}},"13":{"start":{"line":30,"column":6},"end":{"line":32,"column":7}},"14":{"start":{"line":31,"column":8},"end":{"line":31,"column":81}},"15":{"start":{"line":34,"column":6},"end":{"line":34,"column":13}},"16":{"start":{"line":36,"column":6},"end":{"line":36,"column":59}},"17":{"start":{"line":37,"column":6},"end":{"line":37,"column":61}},"18":{"start":{"line":41,"column":2},"end":{"line":70,"column":5}},"19":{"start":{"line":42,"column":4},"end":{"line":42,"column":52}},"20":{"start":{"line":45,"column":4},"end":{"line":45,"column":31}},"21":{"start":{"line":48,"column":4},"end":{"line":51,"column":7}},"22":{"start":{"line":54,"column":4},"end":{"line":60,"column":7}},"23":{"start":{"line":55,"column":39},"end":{"line":55,"column":43}},"24":{"start":{"line":56,"column":6},"end":{"line":59,"column":9}},"25":{"start":{"line":63,"column":4},"end":{"line":69,"column":7}},"26":{"start":{"line":64,"column":6},"end":{"line":64,"column":57}},"27":{"start":{"line":65,"column":6},"end":{"line":68,"column":9}},"28":{"start":{"line":72,"column":2},"end":{"line":72,"column":12}},"29":{"start":{"line":75,"column":0},"end":{"line":75,"column":44}}},"fnMap":{"0":{"name":"(anonymous_0)","decl":{"start":{"line":7,"column":31},"end":{"line":7,"column":32}},"loc":{"start":{"line":7,"column":43},"end":{"line":73,"column":1}},"line":7},"1":{"name":"(anonymous_1)","decl":{"start":{"line":16,"column":9},"end":{"line":16,"column":10}},"loc":{"start":{"line":16,"column":33},"end":{"line":39,"column":3}},"line":16},"2":{"name":"(anonymous_2)","decl":{"start":{"line":41,"column":22},"end":{"line":41,"column":23}},"loc":{"start":{"line":41,"column":34},"end":{"line":70,"column":3}},"line":41},"3":{"name":"(anonymous_3)","decl":{"start":{"line":54,"column":24},"end":{"line":54,"column":25}},"loc":{"start":{"line":54,"column":34},"end":{"line":60,"column":5}},"line":54},"4":{"name":"(anonymous_4)","decl":{"start":{"line":63,"column":28},"end":{"line":63,"column":29}},"loc":{"start":{"line":63,"column":34},"end":{"line":69,"column":5}},"line":63}},"branchMap":{"0":{"loc":{"start":{"line":4,"column":18},"end":{"line":4,"column":71}},"type":"binary-expr","locations":[{"start":{"line":4,"column":18},"end":{"line":4,"column":44}},{"start":{"line":4,"column":48},"end":{"line":4,"column":71}}],"line":4},"1":{"loc":{"start":{"line":18,"column":20},"end":{"line":18,"column":79}},"type":"binary-expr","locations":[{"start":{"line":18,"column":20},"end":{"line":18,"column":48}},{"start":{"line":18,"column":52},"end":{"line":18,"column":79}}],"line":18},"2":{"loc":{"start":{"line":20,"column":6},"end":{"line":22,"column":7}},"type":"if","locations":[{"start":{"line":20,"column":6},"end":{"line":22,"column":7}},{"start":{},"end":{}}],"line":20},"3":{"loc":{"start":{"line":30,"column":6},"end":{"line":32,"column":7}},"type":"if","locations":[{"start":{"line":30,"column":6},"end":{"line":32,"column":7}},{"start":{},"end":{}}],"line":30},"4":{"loc":{"start":{"line":30,"column":10},"end":{"line":30,"column":32}},"type":"binary-expr","locations":[{"start":{"line":30,"column":10},"end":{"line":30,"column":15}},{"start":{"line":30,"column":19},"end":{"line":30,"column":32}}],"line":30}},"s":{"0":1,"1":1,"2":1,"3":1,"4":1,"5":1,"6":0,"7":0,"8":0,"9":0,"10":0,"11":0,"12":0,"13":0,"14":0,"15":0,"16":0,"17":0,"18":1,"19":0,"20":0,"21":0,"22":0,"23":0,"24":0,"25":0,"26":0,"27":0,"28":1,"29":1},"f":{"0":1,"1":0,"2":0,"3":0,"4":0},"b":{"0":[1,1],"1":[0,0],"2":[0,0],"3":[0,0],"4":[0,0]},"_coverageSchema":"1a1c01bbd47fc00a2c39e90264f33305004495a9","hash":"b7d90d03133c8c663b9498cc8c312d32ea61be6f"}
}
