TN:
SF:index.js
FN:61,(anonymous_0)
FN:62,(anonymous_1)
FN:85,(anonymous_2)
FN:107,(anonymous_3)
FN:122,(anonymous_4)
FN:123,(anonymous_5)
FN:140,(anonymous_6)
FNF:7
FNH:4
FNDA:1,(anonymous_0)
FNDA:0,(anonymous_1)
FNDA:0,(anonymous_2)
FNDA:1,(anonymous_3)
FNDA:1,(anonymous_4)
FNDA:1,(anonymous_5)
FNDA:0,(anonymous_6)
DA:1,1
DA:2,1
DA:3,1
DA:4,1
DA:5,1
DA:6,1
DA:7,1
DA:8,1
DA:9,1
DA:10,1
DA:12,1
DA:13,1
DA:14,1
DA:15,1
DA:16,1
DA:17,1
DA:18,1
DA:19,1
DA:20,1
DA:21,1
DA:22,1
DA:23,1
DA:24,1
DA:25,1
DA:27,1
DA:28,1
DA:35,1
DA:41,1
DA:44,1
DA:45,1
DA:55,1
DA:56,1
DA:57,1
DA:58,1
DA:59,1
DA:61,1
DA:62,0
DA:63,1
DA:71,1
DA:72,1
DA:75,1
DA:76,1
DA:77,1
DA:78,1
DA:79,1
DA:80,1
DA:81,1
DA:82,1
DA:85,1
DA:86,0
DA:87,0
DA:89,0
DA:90,0
DA:94,0
DA:98,0
DA:99,0
DA:101,0
DA:102,0
DA:107,1
DA:108,1
DA:109,1
DA:113,1
DA:114,1
DA:116,0
DA:117,0
DA:122,1
DA:123,1
DA:126,1
DA:127,1
DA:129,1
DA:134,1
DA:135,0
DA:136,0
DA:138,1
DA:141,0
DA:142,0
DA:143,0
DA:146,0
DA:149,0
DA:156,0
DA:157,0
DA:158,0
DA:159,0
DA:162,0
DA:169,0
DA:171,0
DA:174,0
DA:176,0
DA:179,1
LF:89
LH:61
BRDA:65,0,0,1
BRDA:65,0,1,1
BRDA:89,1,0,0
BRDA:89,1,1,0
BRDA:107,2,0,0
BRDA:122,3,0,0
BRDA:122,4,0,0
BRDA:122,4,1,0
BRDA:134,5,0,0
BRDA:134,5,1,1
BRDA:141,6,0,0
BRDA:141,6,1,0
BRDA:157,7,0,0
BRDA:157,7,1,0
BRDA:158,8,0,0
BRDA:158,8,1,0
BRDA:159,9,0,0
BRDA:159,9,1,0
BRF:18
BRH:3
end_of_record
TN:
SF:passport.js
FN:14,(anonymous_0)
FN:57,(anonymous_1)
FN:61,(anonymous_2)
FNF:3
FNH:0
FNDA:0,(anonymous_0)
FNDA:0,(anonymous_1)
FNDA:0,(anonymous_2)
DA:1,1
DA:2,1
DA:3,1
DA:4,1
DA:5,1
DA:6,1
DA:7,1
DA:8,1
DA:9,1
DA:15,0
DA:16,0
DA:17,0
DA:19,0
DA:20,0
DA:21,0
DA:23,0
DA:34,0
DA:39,0
DA:46,0
DA:47,0
DA:49,0
DA:51,0
DA:52,0
DA:57,1
DA:58,0
DA:61,1
DA:62,0
DA:63,0
DA:66,1
LF:29
LH:12
BRDA:17,0,0,0
BRDA:17,0,1,0
BRF:2
BRH:0
end_of_record
TN:
SF:uploadimage.js
FN:6,(anonymous_0)
FN:9,(anonymous_1)
FNF:2
FNH:0
FNDA:0,(anonymous_0)
FNDA:0,(anonymous_1)
DA:1,1
DA:2,1
DA:5,1
DA:7,0
DA:10,0
DA:11,0
DA:16,1
DA:18,1
LF:8
LH:5
BRF:0
BRH:0
end_of_record
TN:
SF:Utils\tfidfCalculator.js
FN:6,extractAllSkills
FN:8,(anonymous_1)
FN:9,(anonymous_2)
FN:22,normalizeText
FN:36,(anonymous_4)
FN:37,(anonymous_5)
FN:38,(anonymous_6)
FN:43,enhanceTextContent
FN:46,(anonymous_8)
FN:48,(anonymous_9)
FN:57,assignSubjects
FN:88,createUsersMap
FN:89,(anonymous_12)
FN:92,(anonymous_13)
FN:98,calculateTFIDF
FN:103,(anonymous_15)
FN:104,(anonymous_16)
FN:111,(anonymous_17)
FN:115,(anonymous_18)
FN:116,(anonymous_19)
FN:122,(anonymous_20)
FN:125,(anonymous_21)
FN:126,(anonymous_22)
FN:131,(anonymous_23)
FN:159,getCommonSkills
FN:163,(anonymous_25)
FN:164,(anonymous_26)
FN:168,(anonymous_27)
FN:170,(anonymous_28)
FN:175,(anonymous_29)
FN:182,filterAndLimitAssignments
FN:184,(anonymous_31)
FN:185,(anonymous_32)
FN:186,(anonymous_33)
FN:187,(anonymous_34)
FN:188,(anonymous_35)
FN:191,(anonymous_36)
FN:192,(anonymous_37)
FN:202,formatAssignments
FN:203,(anonymous_39)
FNF:40
FNH:0
FNDA:0,extractAllSkills
FNDA:0,(anonymous_1)
FNDA:0,(anonymous_2)
FNDA:0,normalizeText
FNDA:0,(anonymous_4)
FNDA:0,(anonymous_5)
FNDA:0,(anonymous_6)
FNDA:0,enhanceTextContent
FNDA:0,(anonymous_8)
FNDA:0,(anonymous_9)
FNDA:0,assignSubjects
FNDA:0,createUsersMap
FNDA:0,(anonymous_12)
FNDA:0,(anonymous_13)
FNDA:0,calculateTFIDF
FNDA:0,(anonymous_15)
FNDA:0,(anonymous_16)
FNDA:0,(anonymous_17)
FNDA:0,(anonymous_18)
FNDA:0,(anonymous_19)
FNDA:0,(anonymous_20)
FNDA:0,(anonymous_21)
FNDA:0,(anonymous_22)
FNDA:0,(anonymous_23)
FNDA:0,getCommonSkills
FNDA:0,(anonymous_25)
FNDA:0,(anonymous_26)
FNDA:0,(anonymous_27)
FNDA:0,(anonymous_28)
FNDA:0,(anonymous_29)
FNDA:0,filterAndLimitAssignments
FNDA:0,(anonymous_31)
FNDA:0,(anonymous_32)
FNDA:0,(anonymous_33)
FNDA:0,(anonymous_34)
FNDA:0,(anonymous_35)
FNDA:0,(anonymous_36)
FNDA:0,(anonymous_37)
FNDA:0,formatAssignments
FNDA:0,(anonymous_39)
DA:1,1
DA:2,1
DA:3,1
DA:7,0
DA:8,0
DA:9,0
DA:10,0
DA:11,0
DA:12,0
DA:13,0
DA:18,0
DA:23,0
DA:25,0
DA:34,0
DA:36,0
DA:37,0
DA:38,0
DA:44,0
DA:47,0
DA:48,0
DA:49,0
DA:51,0
DA:58,0
DA:59,0
DA:60,0
DA:61,0
DA:63,0
DA:71,0
DA:79,0
DA:80,0
DA:89,0
DA:90,0
DA:92,0
DA:94,0
DA:99,0
DA:100,0
DA:103,0
DA:104,0
DA:105,0
DA:106,0
DA:108,0
DA:111,0
DA:112,0
DA:115,0
DA:116,0
DA:118,0
DA:122,0
DA:125,0
DA:126,0
DA:127,0
DA:128,0
DA:130,0
DA:131,0
DA:132,0
DA:133,0
DA:138,0
DA:139,0
DA:140,0
DA:144,0
DA:156,0
DA:160,0
DA:163,0
DA:164,0
DA:167,0
DA:168,0
DA:169,0
DA:170,0
DA:171,0
DA:175,0
DA:176,0
DA:183,0
DA:184,0
DA:185,0
DA:187,0
DA:188,0
DA:190,0
DA:191,0
DA:192,0
DA:193,0
DA:194,0
DA:196,0
DA:198,0
DA:203,0
DA:215,1
LF:84
LH:4
BRDA:9,0,0,0
BRDA:9,0,1,0
BRDA:10,1,0,0
BRDA:10,1,1,0
BRDA:12,2,0,0
BRDA:12,2,1,0
BRDA:23,3,0,0
BRDA:23,3,1,0
BRDA:38,4,0,0
BRDA:38,4,1,0
BRDA:49,5,0,0
BRDA:49,5,1,0
BRDA:57,6,0,0
BRDA:57,7,0,0
BRDA:73,8,0,0
BRDA:73,8,1,0
BRDA:91,9,0,0
BRDA:91,9,1,0
BRDA:92,10,0,0
BRDA:92,10,1,0
BRDA:105,11,0,0
BRDA:105,11,1,0
BRDA:106,12,0,0
BRDA:106,12,1,0
BRDA:114,13,0,0
BRDA:114,13,1,0
BRDA:115,14,0,0
BRDA:115,14,1,0
BRDA:115,15,0,0
BRDA:115,15,1,0
BRDA:115,16,0,0
BRDA:115,16,1,0
BRDA:116,17,0,0
BRDA:116,17,1,0
BRDA:116,18,0,0
BRDA:116,18,1,0
BRDA:116,19,0,0
BRDA:116,19,1,0
BRDA:128,20,0,0
BRDA:128,20,1,0
BRDA:130,21,0,0
BRDA:130,21,1,0
BRDA:132,22,0,0
BRDA:132,22,1,0
BRDA:133,23,0,0
BRDA:133,23,1,0
BRDA:140,24,0,0
BRDA:140,24,1,0
BRDA:162,25,0,0
BRDA:162,25,1,0
BRDA:163,26,0,0
BRDA:163,26,1,0
BRDA:163,27,0,0
BRDA:163,27,1,0
BRDA:163,28,0,0
BRDA:163,28,1,0
BRDA:164,29,0,0
BRDA:164,29,1,0
BRDA:164,30,0,0
BRDA:164,30,1,0
BRDA:164,31,0,0
BRDA:164,31,1,0
BRDA:169,32,0,0
BRDA:169,32,1,0
BRDA:170,33,0,0
BRDA:170,33,1,0
BRDA:176,34,0,0
BRDA:176,34,1,0
BRDA:176,34,2,0
BRDA:190,35,0,0
BRDA:190,35,1,0
BRDA:190,36,0,0
BRDA:190,36,1,0
BRDA:192,37,0,0
BRDA:192,37,1,0
BRDA:193,38,0,0
BRDA:193,38,1,0
BRDA:194,39,0,0
BRDA:194,39,1,0
BRF:79
BRH:0
end_of_record
TN:
SF:controllers\DeliverableController.js
FN:7,(anonymous_0)
FN:43,(anonymous_1)
FN:54,(anonymous_2)
FN:72,(anonymous_3)
FN:90,(anonymous_4)
FN:107,(anonymous_5)
FN:137,(anonymous_6)
FNF:7
FNH:0
FNDA:0,(anonymous_0)
FNDA:0,(anonymous_1)
FNDA:0,(anonymous_2)
FNDA:0,(anonymous_3)
FNDA:0,(anonymous_4)
FNDA:0,(anonymous_5)
FNDA:0,(anonymous_6)
DA:1,1
DA:2,1
DA:3,1
DA:4,1
DA:7,1
DA:8,0
DA:10,0
DA:11,0
DA:15,0
DA:16,0
DA:19,0
DA:20,0
DA:24,0
DA:33,0
DA:35,0
DA:37,0
DA:38,0
DA:43,1
DA:44,0
DA:45,0
DA:46,0
DA:48,0
DA:49,0
DA:54,1
DA:55,0
DA:56,0
DA:57,0
DA:62,0
DA:63,0
DA:64,0
DA:66,0
DA:67,0
DA:72,1
DA:73,0
DA:74,0
DA:75,0
DA:80,0
DA:81,0
DA:82,0
DA:84,0
DA:85,0
DA:90,1
DA:91,0
DA:92,0
DA:97,0
DA:98,0
DA:99,0
DA:101,0
DA:102,0
DA:107,1
DA:108,0
DA:109,0
DA:110,0
DA:112,0
DA:113,0
DA:114,0
DA:118,0
DA:122,0
DA:124,0
DA:126,0
DA:131,0
DA:132,0
DA:137,1
DA:138,0
DA:139,0
DA:140,0
DA:142,0
DA:143,0
DA:146,0
DA:150,0
DA:151,0
DA:156,1
LF:72
LH:12
BRDA:10,0,0,0
BRDA:10,0,1,0
BRDA:10,1,0,0
BRDA:10,1,1,0
BRDA:19,2,0,0
BRDA:19,2,1,0
BRDA:19,3,0,0
BRDA:19,3,1,0
BRDA:19,3,2,0
BRDA:19,3,3,0
BRDA:113,4,0,0
BRDA:113,4,1,0
BRDA:142,5,0,0
BRDA:142,5,1,0
BRF:14
BRH:0
end_of_record
TN:
SF:controllers\groupController.js
FN:20,(anonymous_0)
FN:76,(anonymous_1)
FN:94,(anonymous_2)
FN:103,(anonymous_3)
FN:112,(anonymous_4)
FN:120,(anonymous_5)
FN:131,(anonymous_6)
FN:170,(anonymous_7)
FN:208,(anonymous_8)
FN:217,(anonymous_9)
FN:233,(anonymous_10)
FN:251,(anonymous_11)
FN:274,(anonymous_12)
FN:305,(anonymous_13)
FN:315,(anonymous_14)
FN:328,(anonymous_15)
FNF:16
FNH:0
FNDA:0,(anonymous_0)
FNDA:0,(anonymous_1)
FNDA:0,(anonymous_2)
FNDA:0,(anonymous_3)
FNDA:0,(anonymous_4)
FNDA:0,(anonymous_5)
FNDA:0,(anonymous_6)
FNDA:0,(anonymous_7)
FNDA:0,(anonymous_8)
FNDA:0,(anonymous_9)
FNDA:0,(anonymous_10)
FNDA:0,(anonymous_11)
FNDA:0,(anonymous_12)
FNDA:0,(anonymous_13)
FNDA:0,(anonymous_14)
FNDA:0,(anonymous_15)
DA:1,1
DA:2,1
DA:4,1
DA:5,1
DA:6,1
DA:12,1
DA:20,1
DA:22,0
DA:25,0
DA:26,0
DA:59,0
DA:60,0
DA:61,0
DA:62,0
DA:64,0
DA:76,1
DA:77,0
DA:78,0
DA:88,0
DA:90,0
DA:94,1
DA:95,0
DA:96,0
DA:97,0
DA:99,0
DA:103,1
DA:104,0
DA:105,0
DA:106,0
DA:108,0
DA:112,1
DA:113,0
DA:114,0
DA:115,0
DA:117,0
DA:120,1
DA:121,0
DA:122,0
DA:124,0
DA:125,0
DA:126,0
DA:128,0
DA:129,0
DA:131,0
DA:132,0
DA:133,0
DA:134,0
DA:135,0
DA:138,0
DA:139,0
DA:140,0
DA:142,0
DA:146,0
DA:147,0
DA:149,0
DA:152,0
DA:153,0
DA:158,0
DA:170,1
DA:171,0
DA:172,0
DA:173,0
DA:176,0
DA:177,0
DA:182,0
DA:183,0
DA:190,0
DA:191,0
DA:192,0
DA:195,0
DA:196,0
DA:198,0
DA:199,0
DA:201,0
DA:202,0
DA:208,1
DA:209,0
DA:210,0
DA:211,0
DA:213,0
DA:217,1
DA:218,0
DA:219,0
DA:220,0
DA:222,0
DA:223,0
DA:225,0
DA:226,0
DA:227,0
DA:229,0
DA:233,1
DA:234,0
DA:235,0
DA:236,0
DA:238,0
DA:239,0
DA:241,0
DA:242,0
DA:243,0
DA:246,0
DA:251,1
DA:252,0
DA:253,0
DA:254,0
DA:256,0
DA:257,0
DA:261,0
DA:266,0
DA:269,0
DA:270,0
DA:274,1
DA:275,0
DA:276,0
DA:277,0
DA:280,0
DA:281,0
DA:282,0
DA:286,0
DA:287,0
DA:288,0
DA:292,0
DA:293,0
DA:295,0
DA:301,0
DA:302,0
DA:305,1
DA:306,0
DA:307,0
DA:308,0
DA:310,0
DA:315,1
DA:316,0
DA:317,0
DA:323,0
DA:325,0
DA:328,1
DA:329,0
DA:330,0
DA:331,0
DA:333,0
DA:334,0
DA:337,0
DA:338,0
DA:342,0
DA:343,0
DA:344,0
DA:347,0
DA:349,0
DA:352,1
LF:149
LH:22
BRDA:25,0,0,0
BRDA:25,0,1,0
BRDA:133,1,0,0
BRDA:133,1,1,0
BRDA:139,2,0,0
BRDA:139,2,1,0
BRDA:152,3,0,0
BRDA:152,3,1,0
BRDA:152,4,0,0
BRDA:152,4,1,0
BRDA:152,4,2,0
BRDA:176,5,0,0
BRDA:176,5,1,0
BRDA:182,6,0,0
BRDA:182,6,1,0
BRDA:191,7,0,0
BRDA:191,7,1,0
BRDA:195,8,0,0
BRDA:195,8,1,0
BRDA:196,9,0,0
BRDA:196,9,1,0
BRDA:203,10,0,0
BRDA:203,10,1,0
BRDA:222,11,0,0
BRDA:222,11,1,0
BRDA:237,12,0,0
BRDA:237,12,1,0
BRDA:238,13,0,0
BRDA:238,13,1,0
BRDA:256,14,0,0
BRDA:256,14,1,0
BRDA:281,15,0,0
BRDA:281,15,1,0
BRDA:287,16,0,0
BRDA:287,16,1,0
BRDA:334,17,0,0
BRDA:334,17,1,0
BRDA:337,18,0,0
BRDA:337,18,1,0
BRDA:342,19,0,0
BRDA:342,19,1,0
BRF:41
BRH:0
end_of_record
TN:
SF:controllers\messageController.js
FN:6,(anonymous_0)
FN:26,(anonymous_1)
FN:37,(anonymous_2)
FN:100,(anonymous_3)
FN:134,(anonymous_4)
FN:175,(anonymous_5)
FN:198,(anonymous_6)
FN:222,(anonymous_7)
FN:240,(anonymous_8)
FN:276,(anonymous_9)
FN:296,(anonymous_10)
FN:314,(anonymous_11)
FN:354,(anonymous_12)
FN:368,(anonymous_13)
FN:369,(anonymous_14)
FN:370,(anonymous_15)
FN:386,(anonymous_16)
FN:398,(anonymous_17)
FN:403,(anonymous_18)
FNF:19
FNH:0
FNDA:0,(anonymous_0)
FNDA:0,(anonymous_1)
FNDA:0,(anonymous_2)
FNDA:0,(anonymous_3)
FNDA:0,(anonymous_4)
FNDA:0,(anonymous_5)
FNDA:0,(anonymous_6)
FNDA:0,(anonymous_7)
FNDA:0,(anonymous_8)
FNDA:0,(anonymous_9)
FNDA:0,(anonymous_10)
FNDA:0,(anonymous_11)
FNDA:0,(anonymous_12)
FNDA:0,(anonymous_13)
FNDA:0,(anonymous_14)
FNDA:0,(anonymous_15)
FNDA:0,(anonymous_16)
FNDA:0,(anonymous_17)
FNDA:0,(anonymous_18)
DA:1,1
DA:2,1
DA:3,1
DA:6,1
DA:7,0
DA:8,0
DA:11,0
DA:26,0
DA:27,0
DA:28,0
DA:31,0
DA:33,0
DA:34,0
DA:37,1
DA:38,0
DA:39,0
DA:40,0
DA:42,0
DA:93,0
DA:95,0
DA:96,0
DA:100,1
DA:101,0
DA:102,0
DA:103,0
DA:105,0
DA:106,0
DA:107,0
DA:108,0
DA:111,0
DA:112,0
DA:113,0
DA:114,0
DA:118,0
DA:119,0
DA:120,0
DA:124,0
DA:125,0
DA:129,0
DA:134,0
DA:141,0
DA:144,0
DA:149,0
DA:152,0
DA:155,0
DA:158,0
DA:164,0
DA:169,0
DA:170,0
DA:175,1
DA:176,0
DA:177,0
DA:180,0
DA:190,0
DA:192,0
DA:193,0
DA:198,1
DA:199,0
DA:200,0
DA:201,0
DA:204,0
DA:214,0
DA:216,0
DA:217,0
DA:222,1
DA:223,0
DA:224,0
DA:227,0
DA:232,0
DA:234,0
DA:235,0
DA:240,1
DA:241,0
DA:242,0
DA:243,0
DA:246,0
DA:249,0
DA:250,0
DA:254,0
DA:255,0
DA:259,0
DA:260,0
DA:263,0
DA:268,0
DA:270,0
DA:271,0
DA:276,1
DA:277,0
DA:278,0
DA:279,0
DA:282,0
DA:289,0
DA:295,0
DA:296,0
DA:297,0
DA:303,0
DA:308,0
DA:309,0
DA:314,1
DA:315,0
DA:316,0
DA:317,0
DA:320,0
DA:323,0
DA:324,0
DA:328,0
DA:329,0
DA:333,0
DA:338,0
DA:341,0
DA:346,0
DA:348,0
DA:349,0
DA:354,1
DA:355,0
DA:356,0
DA:359,0
DA:367,0
DA:368,0
DA:369,0
DA:370,0
DA:373,0
DA:378,0
DA:380,0
DA:381,0
DA:386,1
DA:387,0
DA:390,0
DA:398,1
DA:399,0
DA:400,0
DA:402,0
DA:405,0
DA:408,0
DA:410,0
DA:411,0
DA:415,1
LF:137
LH:16
BRDA:112,0,0,0
BRDA:112,0,1,0
BRDA:119,1,0,0
BRDA:119,1,1,0
BRDA:124,2,0,0
BRDA:124,2,1,0
BRDA:134,3,0,0
BRDA:134,3,1,0
BRDA:249,4,0,0
BRDA:249,4,1,0
BRDA:254,5,0,0
BRDA:254,5,1,0
BRDA:295,6,0,0
BRDA:295,6,1,0
BRDA:323,7,0,0
BRDA:323,7,1,0
BRDA:328,8,0,0
BRDA:328,8,1,0
BRDA:328,9,0,0
BRDA:328,9,1,0
BRDA:333,10,0,0
BRDA:333,10,1,0
BRF:22
BRH:0
end_of_record
TN:
SF:controllers\progressController.js
FN:6,(anonymous_0)
FN:48,(anonymous_1)
FN:93,(anonymous_2)
FNF:3
FNH:0
FNDA:0,(anonymous_0)
FNDA:0,(anonymous_1)
FNDA:0,(anonymous_2)
DA:1,1
DA:2,1
DA:3,1
DA:6,1
DA:7,0
DA:9,0
DA:10,0
DA:14,0
DA:21,0
DA:28,0
DA:31,0
DA:33,0
DA:34,0
DA:35,0
DA:38,0
DA:42,0
DA:43,0
DA:48,1
DA:49,0
DA:50,0
DA:51,0
DA:53,0
DA:54,0
DA:58,0
DA:59,0
DA:60,0
DA:64,0
DA:65,0
DA:68,0
DA:69,0
DA:70,0
DA:73,0
DA:79,0
DA:80,0
DA:83,0
DA:86,0
DA:87,0
DA:93,1
DA:94,0
DA:95,0
DA:98,0
DA:99,0
DA:102,0
DA:104,0
LF:44
LH:6
BRDA:9,0,0,0
BRDA:9,0,1,0
BRDA:31,1,0,0
BRDA:31,1,1,0
BRDA:31,2,0,0
BRDA:31,2,1,0
BRDA:42,3,0,0
BRDA:42,3,1,0
BRDA:53,4,0,0
BRDA:53,4,1,0
BRDA:59,5,0,0
BRDA:59,5,1,0
BRDA:79,6,0,0
BRDA:79,6,1,0
BRDA:98,7,0,0
BRDA:98,7,1,0
BRF:16
BRH:0
end_of_record
TN:
SF:controllers\projectController.js
FN:7,(anonymous_0)
FN:27,(anonymous_1)
FN:40,(anonymous_2)
FN:55,(anonymous_3)
FN:85,(anonymous_4)
FN:111,(anonymous_5)
FN:126,(anonymous_6)
FN:138,(anonymous_7)
FN:147,(anonymous_8)
FNF:9
FNH:0
FNDA:0,(anonymous_0)
FNDA:0,(anonymous_1)
FNDA:0,(anonymous_2)
FNDA:0,(anonymous_3)
FNDA:0,(anonymous_4)
FNDA:0,(anonymous_5)
FNDA:0,(anonymous_6)
FNDA:0,(anonymous_7)
FNDA:0,(anonymous_8)
DA:1,1
DA:2,1
DA:3,1
DA:4,1
DA:7,1
DA:8,0
DA:9,0
DA:19,0
DA:21,0
DA:27,1
DA:28,0
DA:29,0
DA:31,0
DA:32,0
DA:35,0
DA:37,0
DA:40,1
DA:41,0
DA:42,0
DA:44,0
DA:45,0
DA:48,0
DA:50,0
DA:55,1
DA:56,0
DA:57,0
DA:58,0
DA:60,0
DA:67,0
DA:70,0
DA:79,0
DA:81,0
DA:85,1
DA:86,0
DA:87,0
DA:100,0
DA:101,0
DA:104,0
DA:106,0
DA:111,1
DA:112,0
DA:113,0
DA:115,0
DA:116,0
DA:119,0
DA:121,0
DA:126,1
DA:127,0
DA:128,0
DA:131,0
DA:133,0
DA:134,0
DA:137,0
DA:138,0
DA:141,0
DA:142,0
DA:145,0
DA:147,0
DA:148,0
DA:149,0
DA:150,0
DA:151,0
DA:152,0
DA:153,0
DA:157,0
DA:159,0
DA:161,0
DA:162,0
DA:172,1
LF:69
LH:12
BRDA:31,0,0,0
BRDA:31,0,1,0
BRDA:44,1,0,0
BRDA:44,1,1,0
BRDA:100,2,0,0
BRDA:100,2,1,0
BRDA:115,3,0,0
BRDA:115,3,1,0
BRDA:133,4,0,0
BRDA:133,4,1,0
BRDA:141,5,0,0
BRDA:141,5,1,0
BRDA:148,6,0,0
BRDA:148,6,1,0
BRDA:150,7,0,0
BRDA:150,7,1,0
BRDA:152,8,0,0
BRDA:152,8,1,0
BRF:18
BRH:0
end_of_record
TN:
SF:controllers\subjectController.js
FN:7,(anonymous_0)
FN:17,(anonymous_1)
FN:27,(anonymous_2)
FN:53,(anonymous_3)
FN:54,(anonymous_4)
FN:59,(anonymous_5)
FN:60,(anonymous_6)
FN:90,(anonymous_7)
FN:137,(anonymous_8)
FN:138,(anonymous_9)
FN:143,(anonymous_10)
FN:144,(anonymous_11)
FN:182,(anonymous_12)
FN:192,assignSubjectsToGroups
FN:214,(anonymous_14)
FNF:15
FNH:0
FNDA:0,(anonymous_0)
FNDA:0,(anonymous_1)
FNDA:0,(anonymous_2)
FNDA:0,(anonymous_3)
FNDA:0,(anonymous_4)
FNDA:0,(anonymous_5)
FNDA:0,(anonymous_6)
FNDA:0,(anonymous_7)
FNDA:0,(anonymous_8)
FNDA:0,(anonymous_9)
FNDA:0,(anonymous_10)
FNDA:0,(anonymous_11)
FNDA:0,(anonymous_12)
FNDA:0,assignSubjectsToGroups
FNDA:0,(anonymous_14)
DA:1,1
DA:2,1
DA:3,1
DA:4,1
DA:7,1
DA:8,0
DA:9,0
DA:10,0
DA:12,0
DA:17,1
DA:18,0
DA:19,0
DA:20,0
DA:21,0
DA:23,0
DA:27,1
DA:28,0
DA:30,0
DA:31,0
DA:36,0
DA:37,0
DA:42,0
DA:43,0
DA:49,0
DA:53,0
DA:54,0
DA:59,0
DA:60,0
DA:66,0
DA:67,0
DA:69,0
DA:71,0
DA:74,0
DA:75,0
DA:80,0
DA:90,1
DA:91,0
DA:93,0
DA:94,0
DA:99,0
DA:100,0
DA:105,0
DA:106,0
DA:112,0
DA:113,0
DA:114,0
DA:115,0
DA:122,0
DA:123,0
DA:124,0
DA:125,0
DA:133,0
DA:137,0
DA:138,0
DA:143,0
DA:144,0
DA:151,0
DA:157,0
DA:158,0
DA:161,0
DA:166,0
DA:169,0
DA:170,0
DA:175,0
DA:182,1
DA:183,0
DA:184,0
DA:185,0
DA:186,0
DA:188,0
DA:193,0
DA:194,0
DA:195,0
DA:196,0
DA:198,0
DA:204,0
DA:213,0
DA:214,0
DA:216,0
DA:222,0
DA:229,0
DA:247,0
DA:248,0
DA:255,1
LF:84
LH:10
BRDA:20,0,0,0
BRDA:20,0,1,0
BRDA:30,1,0,0
BRDA:30,1,1,0
BRDA:30,2,0,0
BRDA:30,2,1,0
BRDA:36,3,0,0
BRDA:36,3,1,0
BRDA:42,4,0,0
BRDA:42,4,1,0
BRDA:52,5,0,0
BRDA:52,5,1,0
BRDA:53,6,0,0
BRDA:53,6,1,0
BRDA:58,7,0,0
BRDA:58,7,1,0
BRDA:59,8,0,0
BRDA:59,8,1,0
BRDA:74,9,0,0
BRDA:74,9,1,0
BRDA:81,10,0,0
BRDA:81,10,1,0
BRDA:93,11,0,0
BRDA:93,11,1,0
BRDA:93,12,0,0
BRDA:93,12,1,0
BRDA:99,13,0,0
BRDA:99,13,1,0
BRDA:105,14,0,0
BRDA:105,14,1,0
BRDA:112,15,0,0
BRDA:112,15,1,0
BRDA:114,16,0,0
BRDA:114,16,1,0
BRDA:114,17,0,0
BRDA:114,17,1,0
BRDA:122,18,0,0
BRDA:122,18,1,0
BRDA:124,19,0,0
BRDA:124,19,1,0
BRDA:124,20,0,0
BRDA:124,20,1,0
BRDA:136,21,0,0
BRDA:136,21,1,0
BRDA:137,22,0,0
BRDA:137,22,1,0
BRDA:142,23,0,0
BRDA:142,23,1,0
BRDA:143,24,0,0
BRDA:143,24,1,0
BRDA:148,25,0,0
BRDA:148,25,1,0
BRDA:157,26,0,0
BRDA:157,26,1,0
BRDA:169,27,0,0
BRDA:169,27,1,0
BRDA:176,28,0,0
BRDA:176,28,1,0
BRDA:185,29,0,0
BRDA:185,29,1,0
BRDA:194,30,0,0
BRDA:194,30,1,0
BRDA:195,31,0,0
BRDA:195,31,1,0
BRDA:213,32,0,0
BRDA:213,32,1,0
BRDA:213,33,0,0
BRDA:213,33,1,0
BRDA:231,34,0,0
BRDA:231,34,1,0
BRF:70
BRH:0
end_of_record
TN:
SF:controllers\taskController.js
FN:9,(anonymous_0)
FN:18,(anonymous_1)
FN:31,(anonymous_2)
FN:44,(anonymous_3)
FN:57,(anonymous_4)
FN:70,(anonymous_5)
FN:85,(anonymous_6)
FN:149,(anonymous_7)
FN:184,(anonymous_8)
FN:234,(anonymous_9)
FN:247,(anonymous_10)
FN:262,(anonymous_11)
FN:277,(anonymous_12)
FN:292,(anonymous_13)
FN:307,(anonymous_14)
FN:316,(anonymous_15)
FN:323,(anonymous_16)
FN:389,(anonymous_17)
FN:405,(anonymous_18)
FN:428,(anonymous_19)
FN:442,(anonymous_20)
FN:456,(anonymous_21)
FN:497,(anonymous_22)
FN:538,(anonymous_23)
FNF:24
FNH:0
FNDA:0,(anonymous_0)
FNDA:0,(anonymous_1)
FNDA:0,(anonymous_2)
FNDA:0,(anonymous_3)
FNDA:0,(anonymous_4)
FNDA:0,(anonymous_5)
FNDA:0,(anonymous_6)
FNDA:0,(anonymous_7)
FNDA:0,(anonymous_8)
FNDA:0,(anonymous_9)
FNDA:0,(anonymous_10)
FNDA:0,(anonymous_11)
FNDA:0,(anonymous_12)
FNDA:0,(anonymous_13)
FNDA:0,(anonymous_14)
FNDA:0,(anonymous_15)
FNDA:0,(anonymous_16)
FNDA:0,(anonymous_17)
FNDA:0,(anonymous_18)
FNDA:0,(anonymous_19)
FNDA:0,(anonymous_20)
FNDA:0,(anonymous_21)
FNDA:0,(anonymous_22)
FNDA:0,(anonymous_23)
DA:1,1
DA:2,1
DA:3,1
DA:4,1
DA:5,1
DA:6,1
DA:9,1
DA:10,0
DA:11,0
DA:12,0
DA:14,0
DA:18,1
DA:19,0
DA:20,0
DA:21,0
DA:22,0
DA:24,0
DA:27,0
DA:31,1
DA:32,0
DA:33,0
DA:34,0
DA:35,0
DA:37,0
DA:40,0
DA:44,1
DA:45,0
DA:46,0
DA:47,0
DA:48,0
DA:50,0
DA:53,0
DA:57,1
DA:58,0
DA:59,0
DA:60,0
DA:61,0
DA:63,0
DA:66,0
DA:70,1
DA:71,0
DA:72,0
DA:73,0
DA:74,0
DA:76,0
DA:79,0
DA:85,1
DA:86,0
DA:87,0
DA:89,0
DA:92,0
DA:93,0
DA:94,0
DA:95,0
DA:98,0
DA:101,0
DA:104,0
DA:116,0
DA:119,0
DA:120,0
DA:122,0
DA:124,0
DA:125,0
DA:126,0
DA:127,0
DA:130,0
DA:135,0
DA:136,0
DA:138,0
DA:143,0
DA:144,0
DA:149,1
DA:150,0
DA:151,0
DA:152,0
DA:155,0
DA:156,0
DA:157,0
DA:161,0
DA:162,0
DA:163,0
DA:167,0
DA:168,0
DA:178,0
DA:181,0
DA:182,0
DA:184,0
DA:185,0
DA:186,0
DA:191,0
DA:194,0
DA:195,0
DA:196,0
DA:197,0
DA:198,0
DA:199,0
DA:202,0
DA:208,0
DA:210,0
DA:216,0
DA:219,0
DA:220,0
DA:226,0
DA:234,1
DA:235,0
DA:236,0
DA:237,0
DA:238,0
DA:240,0
DA:241,0
DA:243,0
DA:247,1
DA:248,0
DA:249,0
DA:250,0
DA:251,0
DA:252,0
DA:253,0
DA:255,0
DA:258,0
DA:262,1
DA:263,0
DA:264,0
DA:265,0
DA:266,0
DA:267,0
DA:268,0
DA:270,0
DA:273,0
DA:277,1
DA:278,0
DA:279,0
DA:280,0
DA:281,0
DA:282,0
DA:283,0
DA:285,0
DA:288,0
DA:292,1
DA:293,0
DA:294,0
DA:295,0
DA:296,0
DA:297,0
DA:298,0
DA:300,0
DA:303,0
DA:307,1
DA:308,0
DA:309,0
DA:315,0
DA:316,0
DA:317,0
DA:319,0
DA:323,1
DA:324,0
DA:325,0
DA:326,0
DA:328,0
DA:331,0
DA:332,0
DA:333,0
DA:337,0
DA:338,0
DA:340,0
DA:341,0
DA:345,0
DA:346,0
DA:350,0
DA:352,0
DA:353,0
DA:357,0
DA:358,0
DA:360,0
DA:364,0
DA:365,0
DA:366,0
DA:367,0
DA:368,0
DA:373,0
DA:374,0
DA:375,0
DA:377,0
DA:380,0
DA:381,0
DA:383,0
DA:384,0
DA:389,1
DA:390,0
DA:391,0
DA:392,0
DA:396,0
DA:398,0
DA:399,0
DA:405,1
DA:406,0
DA:407,0
DA:409,0
DA:410,0
DA:416,0
DA:417,0
DA:418,0
DA:421,0
DA:422,0
DA:423,0
DA:426,0
DA:427,0
DA:428,0
DA:429,0
DA:431,0
DA:434,0
DA:435,0
DA:439,0
DA:442,1
DA:443,0
DA:444,0
DA:445,0
DA:446,0
DA:451,0
DA:452,0
DA:453,0
DA:456,0
DA:462,0
DA:463,0
DA:464,0
DA:467,0
DA:470,0
DA:471,0
DA:472,0
DA:474,0
DA:476,0
DA:485,0
DA:488,0
DA:489,0
DA:497,1
DA:498,0
DA:500,0
DA:501,0
DA:504,0
DA:506,0
DA:518,0
DA:519,0
DA:521,0
DA:523,0
DA:525,0
DA:530,0
DA:532,0
DA:533,0
DA:538,1
DA:539,0
DA:542,0
DA:543,0
DA:544,0
DA:545,0
DA:546,0
DA:549,0
DA:550,0
DA:551,0
DA:555,0
DA:556,0
DA:557,0
DA:559,0
DA:565,0
DA:566,0
DA:571,0
DA:572,0
DA:575,0
DA:576,0
DA:577,0
DA:578,0
DA:581,0
DA:586,0
DA:587,0
DA:590,1
LF:274
LH:27
BRDA:21,0,0,0
BRDA:21,0,1,0
BRDA:34,1,0,0
BRDA:34,1,1,0
BRDA:47,2,0,0
BRDA:47,2,1,0
BRDA:60,3,0,0
BRDA:60,3,1,0
BRDA:73,4,0,0
BRDA:73,4,1,0
BRDA:93,5,0,0
BRDA:93,5,1,0
BRDA:113,6,0,0
BRDA:113,6,1,0
BRDA:119,7,0,0
BRDA:119,7,1,0
BRDA:124,8,0,0
BRDA:124,8,1,0
BRDA:156,9,0,0
BRDA:156,9,1,0
BRDA:162,10,0,0
BRDA:162,10,1,0
BRDA:167,11,0,0
BRDA:167,11,1,0
BRDA:167,12,0,0
BRDA:167,12,1,0
BRDA:167,12,2,0
BRDA:171,13,0,0
BRDA:171,13,1,0
BRDA:178,14,0,0
BRDA:178,14,1,0
BRDA:185,15,0,0
BRDA:185,15,1,0
BRDA:194,16,0,0
BRDA:194,16,1,0
BRDA:194,17,0,0
BRDA:194,17,1,0
BRDA:197,18,0,0
BRDA:197,18,1,0
BRDA:219,19,0,0
BRDA:219,19,1,0
BRDA:229,20,0,0
BRDA:229,20,1,0
BRDA:237,21,0,0
BRDA:237,21,1,0
BRDA:250,22,0,0
BRDA:250,22,1,0
BRDA:265,23,0,0
BRDA:265,23,1,0
BRDA:280,24,0,0
BRDA:280,24,1,0
BRDA:295,25,0,0
BRDA:295,25,1,0
BRDA:332,26,0,0
BRDA:332,26,1,0
BRDA:340,27,0,0
BRDA:340,27,1,0
BRDA:345,28,0,0
BRDA:345,28,1,0
BRDA:350,29,0,0
BRDA:350,29,1,0
BRDA:352,30,0,0
BRDA:352,30,1,0
BRDA:357,31,0,0
BRDA:357,31,1,0
BRDA:357,32,0,0
BRDA:357,32,1,0
BRDA:364,33,0,0
BRDA:364,33,1,0
BRDA:366,34,0,0
BRDA:366,34,1,0
BRDA:373,35,0,0
BRDA:373,35,1,0
BRDA:374,36,0,0
BRDA:374,36,1,0
BRDA:391,37,0,0
BRDA:391,37,1,0
BRDA:416,38,0,0
BRDA:416,38,1,0
BRDA:427,39,0,0
BRDA:427,39,1,0
BRDA:429,40,0,0
BRDA:429,40,1,0
BRDA:452,41,0,0
BRDA:452,41,1,0
BRDA:463,42,0,0
BRDA:463,42,1,0
BRDA:500,43,0,0
BRDA:500,43,1,0
BRDA:521,44,0,0
BRDA:521,44,1,0
BRDA:521,45,0,0
BRDA:521,45,1,0
BRDA:521,45,2,0
BRDA:521,45,3,0
BRDA:542,46,0,0
BRDA:542,46,1,0
BRDA:542,47,0,0
BRDA:542,47,1,0
BRDA:545,48,0,0
BRDA:545,48,1,0
BRDA:550,49,0,0
BRDA:550,49,1,0
BRDA:571,50,0,0
BRDA:571,50,1,0
BRDA:577,51,0,0
BRDA:577,51,1,0
BRF:107
BRH:0
end_of_record
TN:
SF:controllers\userController.js
FN:21,(anonymous_0)
FN:34,(anonymous_1)
FN:90,(anonymous_2)
FN:152,(anonymous_3)
FN:158,(anonymous_4)
FN:178,(anonymous_5)
FN:199,(anonymous_6)
FN:212,(anonymous_7)
FN:227,(anonymous_8)
FN:238,(anonymous_9)
FN:263,(anonymous_10)
FN:284,(anonymous_11)
FN:302,(anonymous_12)
FN:318,(anonymous_13)
FN:371,(anonymous_14)
FN:372,(anonymous_15)
FN:398,(anonymous_16)
FN:417,(anonymous_17)
FN:433,(anonymous_18)
FNF:19
FNH:1
FNDA:0,(anonymous_0)
FNDA:7,(anonymous_1)
FNDA:0,(anonymous_2)
FNDA:0,(anonymous_3)
FNDA:0,(anonymous_4)
FNDA:0,(anonymous_5)
FNDA:0,(anonymous_6)
FNDA:0,(anonymous_7)
FNDA:0,(anonymous_8)
FNDA:0,(anonymous_9)
FNDA:0,(anonymous_10)
FNDA:0,(anonymous_11)
FNDA:0,(anonymous_12)
FNDA:0,(anonymous_13)
FNDA:0,(anonymous_14)
FNDA:0,(anonymous_15)
FNDA:0,(anonymous_16)
FNDA:0,(anonymous_17)
FNDA:0,(anonymous_18)
DA:1,1
DA:2,1
DA:3,1
DA:4,1
DA:5,1
DA:6,1
DA:8,1
DA:9,1
DA:10,1
DA:13,1
DA:21,1
DA:22,0
DA:23,0
DA:24,0
DA:26,0
DA:27,0
DA:34,1
DA:35,7
DA:38,7
DA:39,1
DA:42,6
DA:44,6
DA:45,6
DA:46,6
DA:47,1
DA:50,5
DA:51,5
DA:52,5
DA:57,5
DA:67,5
DA:68,4
DA:69,4
DA:72,4
DA:79,4
DA:80,4
DA:83,4
DA:85,1
DA:86,1
DA:90,1
DA:91,0
DA:93,0
DA:96,0
DA:97,0
DA:100,0
DA:103,0
DA:105,0
DA:107,0
DA:108,0
DA:111,0
DA:112,0
DA:115,0
DA:116,0
DA:121,0
DA:126,0
DA:129,0
DA:142,0
DA:143,0
DA:152,1
DA:153,0
DA:154,0
DA:158,1
DA:159,0
DA:160,0
DA:162,0
DA:163,0
DA:166,0
DA:167,0
DA:168,0
DA:169,0
DA:171,0
DA:173,0
DA:178,1
DA:179,0
DA:181,0
DA:182,0
DA:183,0
DA:185,0
DA:186,0
DA:187,0
DA:188,0
DA:191,0
DA:192,0
DA:194,0
DA:199,1
DA:200,0
DA:201,0
DA:202,0
DA:204,0
DA:205,0
DA:207,0
DA:212,1
DA:213,0
DA:214,0
DA:215,0
DA:217,0
DA:218,0
DA:220,0
DA:222,0
DA:227,1
DA:228,0
DA:229,0
DA:230,0
DA:231,0
DA:233,0
DA:238,1
DA:239,0
DA:240,0
DA:242,0
DA:243,0
DA:244,0
DA:246,0
DA:247,0
DA:248,0
DA:251,0
DA:252,0
DA:254,0
DA:255,0
DA:257,0
DA:258,0
DA:263,1
DA:264,0
DA:266,0
DA:268,0
DA:269,0
DA:272,0
DA:273,0
DA:274,0
DA:276,0
DA:278,0
DA:279,0
DA:284,1
DA:285,0
DA:287,0
DA:288,0
DA:289,0
DA:291,0
DA:292,0
DA:293,0
DA:295,0
DA:302,0
DA:303,0
DA:304,0
DA:305,0
DA:307,0
DA:308,0
DA:312,0
DA:313,0
DA:318,1
DA:319,0
DA:320,0
DA:322,0
DA:324,0
DA:325,0
DA:326,0
DA:330,0
DA:331,0
DA:332,0
DA:334,0
DA:335,0
DA:336,0
DA:337,0
DA:339,0
DA:341,0
DA:345,0
DA:348,0
DA:355,0
DA:358,0
DA:360,0
DA:361,0
DA:368,1
DA:371,1
DA:372,0
DA:373,0
DA:374,0
DA:375,0
DA:378,0
DA:379,0
DA:380,0
DA:384,0
DA:385,0
DA:392,0
DA:394,0
DA:398,1
DA:399,0
DA:401,0
DA:411,0
DA:413,0
DA:417,1
DA:418,0
DA:419,0
DA:420,0
DA:425,0
DA:430,0
DA:433,1
DA:434,0
DA:435,0
DA:437,0
DA:438,0
DA:440,0
DA:442,0
DA:443,0
DA:448,1
LF:202
LH:50
BRDA:10,0,0,1
BRDA:10,0,1,0
BRDA:38,1,0,1
BRDA:38,1,1,6
BRDA:46,2,0,1
BRDA:46,2,1,5
BRDA:63,3,0,0
BRDA:63,3,1,5
BRDA:96,4,0,0
BRDA:96,4,1,0
BRDA:107,5,0,0
BRDA:107,5,1,0
BRDA:111,6,0,0
BRDA:111,6,1,0
BRDA:115,7,0,0
BRDA:115,7,1,0
BRDA:162,8,0,0
BRDA:162,8,1,0
BRDA:183,9,0,0
BRDA:183,9,1,0
BRDA:185,10,0,0
BRDA:185,10,1,0
BRDA:186,11,0,0
BRDA:186,11,1,0
BRDA:187,12,0,0
BRDA:187,12,1,0
BRDA:187,13,0,0
BRDA:187,13,1,0
BRDA:202,14,0,0
BRDA:202,14,1,0
BRDA:215,15,0,0
BRDA:215,15,1,0
BRDA:220,16,0,0
BRDA:220,16,1,0
BRDA:230,17,0,0
BRDA:230,17,1,0
BRDA:244,18,0,0
BRDA:244,18,1,0
BRDA:247,19,0,0
BRDA:247,19,1,0
BRDA:269,20,0,0
BRDA:269,20,1,0
BRDA:289,21,0,0
BRDA:289,21,1,0
BRDA:303,22,0,0
BRDA:303,22,1,0
BRDA:325,23,0,0
BRDA:325,23,1,0
BRDA:330,24,0,0
BRDA:330,24,1,0
BRDA:331,25,0,0
BRDA:331,25,1,0
BRDA:335,26,0,0
BRDA:335,26,1,0
BRDA:336,27,0,0
BRDA:336,27,1,0
BRDA:351,28,0,0
BRDA:351,28,1,0
BRDA:352,29,0,0
BRDA:352,29,1,0
BRDA:358,30,0,0
BRDA:358,30,1,0
BRDA:373,31,0,0
BRDA:373,31,1,0
BRDA:378,32,0,0
BRDA:378,32,1,0
BRDA:384,33,0,0
BRDA:384,33,1,0
BRDA:438,34,0,0
BRDA:438,34,1,0
BRF:70
BRH:6
end_of_record
TN:
SF:middleware\passport.js
FN:5,(anonymous_0)
FN:14,(anonymous_1)
FNF:2
FNH:1
FNDA:2,(anonymous_0)
FNDA:0,(anonymous_1)
DA:1,1
DA:2,1
DA:3,1
DA:5,1
DA:6,2
DA:15,0
DA:16,0
DA:18,0
DA:19,0
DA:20,0
DA:23,0
DA:25,0
DA:26,0
DA:35,0
DA:37,0
LF:15
LH:5
BRDA:18,0,0,0
BRDA:18,0,1,0
BRDA:25,1,0,0
BRDA:25,1,1,0
BRDA:28,2,0,0
BRDA:28,2,1,0
BRDA:29,3,0,0
BRDA:29,3,1,0
BRDA:31,4,0,0
BRDA:31,4,1,0
BRF:10
BRH:0
end_of_record
TN:
SF:middleware\roleMiddleware.js
FN:3,(anonymous_0)
FNF:1
FNH:0
FNDA:0,(anonymous_0)
DA:1,1
DA:3,1
DA:4,0
DA:5,0
DA:7,0
DA:8,0
DA:9,0
DA:12,0
DA:13,0
DA:15,0
DA:16,0
DA:17,0
DA:20,0
DA:21,0
DA:22,0
DA:25,0
DA:27,0
DA:28,0
DA:32,1
LF:19
LH:3
BRDA:7,0,0,0
BRDA:7,0,1,0
BRDA:7,1,0,0
BRDA:7,1,1,0
BRDA:15,2,0,0
BRDA:15,2,1,0
BRDA:20,3,0,0
BRDA:20,3,1,0
BRF:8
BRH:0
end_of_record
TN:
SF:middleware\verifyTokenMiddleware.js
FN:3,(anonymous_0)
FN:18,(anonymous_1)
FN:30,(anonymous_2)
FNF:3
FNH:0
FNDA:0,(anonymous_0)
FNDA:0,(anonymous_1)
FNDA:0,(anonymous_2)
DA:1,1
DA:3,1
DA:4,0
DA:5,0
DA:7,0
DA:8,0
DA:11,0
DA:12,0
DA:14,0
DA:15,0
DA:18,0
DA:19,0
DA:20,0
DA:21,0
DA:23,0
DA:24,0
DA:25,0
DA:30,1
DA:31,0
DA:33,0
DA:34,0
DA:37,0
DA:38,0
DA:39,0
DA:40,0
DA:42,0
DA:43,0
DA:45,0
DA:51,1
LF:29
LH:4
BRDA:7,0,0,0
BRDA:7,0,1,0
BRDA:14,1,0,0
BRDA:14,1,1,0
BRDA:19,2,0,0
BRDA:19,2,1,0
BRDA:33,3,0,0
BRDA:33,3,1,0
BRDA:39,4,0,0
BRDA:39,4,1,0
BRF:10
BRH:0
end_of_record
TN:
SF:models\Deliverable.js
FNF:0
FNH:0
DA:1,1
DA:3,1
DA:13,1
DA:51,1
DA:52,1
LF:5
LH:5
BRF:0
BRH:0
end_of_record
TN:
SF:models\Group.js
FNF:0
FNH:0
DA:1,1
DA:4,1
DA:29,1
LF:3
LH:3
BRF:0
BRH:0
end_of_record
TN:
SF:models\Message.js
FNF:0
FNH:0
DA:1,1
DA:3,1
DA:29,1
LF:3
LH:3
BRF:0
BRH:0
end_of_record
TN:
SF:models\Progress.js
FNF:0
FNH:0
DA:1,1
DA:3,1
DA:31,1
LF:3
LH:3
BRF:0
BRH:0
end_of_record
TN:
SF:models\Project.js
FNF:0
FNH:0
DA:1,1
DA:3,1
DA:31,1
LF:3
LH:3
BRF:0
BRH:0
end_of_record
TN:
SF:models\Task.js
FNF:0
FNH:0
DA:1,1
DA:3,1
DA:77,1
LF:3
LH:3
BRF:0
BRH:0
end_of_record
TN:
SF:models\User.js
FN:18,(anonymous_0)
FN:55,(anonymous_1)
FNF:2
FNH:2
FNDA:6,(anonymous_0)
FNDA:6,(anonymous_1)
DA:1,1
DA:2,1
DA:5,1
DA:19,6
DA:57,6
DA:64,1
LF:6
LH:6
BRF:0
BRH:0
end_of_record
TN:
SF:models\subject.js
FN:51,(anonymous_0)
FN:58,(anonymous_1)
FNF:2
FNH:0
FNDA:0,(anonymous_0)
FNDA:0,(anonymous_1)
DA:1,1
DA:3,1
DA:51,1
DA:53,0
DA:54,0
DA:56,0
DA:58,1
DA:59,0
DA:61,1
LF:9
LH:5
BRDA:53,0,0,0
BRDA:53,0,1,0
BRF:2
BRH:0
end_of_record
TN:
SF:routes\deliverableRoutes.js
FNF:0
FNH:0
DA:1,1
DA:2,1
DA:11,1
DA:12,1
DA:14,1
DA:17,1
DA:20,1
DA:23,1
DA:26,1
DA:29,1
DA:32,1
DA:37,1
DA:40,1
DA:42,1
LF:14
LH:14
BRF:0
BRH:0
end_of_record
TN:
SF:routes\groupRoutes.js
FNF:0
FNH:0
DA:1,1
DA:2,1
DA:16,1
DA:17,1
DA:18,1
DA:20,1
DA:21,1
DA:22,1
DA:23,1
DA:24,1
DA:25,1
DA:26,1
DA:27,1
DA:28,1
DA:29,1
DA:30,1
DA:31,1
DA:32,1
DA:34,1
DA:37,1
LF:20
LH:20
BRF:0
BRH:0
end_of_record
TN:
SF:routes\messageRoutes.js
FNF:0
FNH:0
DA:1,1
DA:2,1
DA:3,1
DA:16,1
DA:17,1
DA:21,1
DA:22,1
DA:23,1
DA:24,1
DA:25,1
DA:26,1
DA:27,1
DA:28,1
DA:29,1
DA:30,1
DA:31,1
DA:34,1
LF:17
LH:17
BRF:0
BRH:0
end_of_record
TN:
SF:routes\progressRoutes.js
FNF:0
FNH:0
DA:2,1
DA:3,1
DA:4,1
DA:5,1
DA:8,1
DA:11,1
DA:13,1
LF:7
LH:7
BRF:0
BRH:0
end_of_record
TN:
SF:routes\projectRoutes.js
FNF:0
FNH:0
DA:1,1
DA:2,1
DA:14,1
DA:15,1
DA:16,1
DA:18,1
DA:21,1
DA:24,1
DA:26,1
DA:27,1
DA:30,1
DA:31,1
DA:34,1
LF:13
LH:13
BRF:0
BRH:0
end_of_record
TN:
SF:routes\subjectRoutes.js
FNF:0
FNH:0
DA:1,1
DA:2,1
DA:10,1
DA:11,1
DA:13,1
DA:14,1
DA:15,1
DA:16,1
DA:17,1
DA:18,1
DA:19,1
LF:11
LH:11
BRF:0
BRH:0
end_of_record
TN:
SF:routes\taskRoutes.js
FNF:0
FNH:0
DA:1,1
DA:2,1
DA:22,1
DA:23,1
DA:25,1
DA:26,1
DA:27,1
DA:28,1
DA:29,1
DA:30,1
DA:31,1
DA:32,1
DA:33,1
DA:34,1
DA:35,1
DA:36,1
DA:37,1
DA:38,1
DA:39,1
DA:40,1
DA:42,1
DA:44,1
DA:45,1
LF:23
LH:23
BRF:0
BRH:0
end_of_record
TN:
SF:routes\userRoutes.js
FN:41,(anonymous_0)
FNF:1
FNH:0
FNDA:0,(anonymous_0)
DA:1,1
DA:2,1
DA:3,1
DA:4,1
DA:6,1
DA:29,1
DA:32,1
DA:33,1
DA:34,1
DA:35,1
DA:39,1
DA:42,0
DA:43,0
DA:44,0
DA:47,0
DA:50,0
DA:57,0
DA:58,0
DA:61,0
DA:69,1
DA:70,1
DA:71,1
DA:72,1
DA:75,1
DA:76,1
DA:77,1
DA:78,1
DA:79,1
DA:80,1
DA:81,1
DA:82,1
DA:84,1
DA:85,1
DA:87,1
DA:88,1
DA:89,1
DA:91,1
LF:37
LH:29
BRDA:42,0,0,0
BRDA:42,0,1,0
BRF:2
BRH:0
end_of_record
TN:
SF:socket\socketServer.js
FN:7,(anonymous_0)
FN:16,(anonymous_1)
FN:41,(anonymous_2)
FN:54,(anonymous_3)
FN:63,(anonymous_4)
FNF:5
FNH:1
FNDA:1,(anonymous_0)
FNDA:0,(anonymous_1)
FNDA:0,(anonymous_2)
FNDA:0,(anonymous_3)
FNDA:0,(anonymous_4)
DA:1,1
DA:2,1
DA:4,1
DA:7,1
DA:8,1
DA:16,1
DA:17,0
DA:18,0
DA:20,0
DA:21,0
DA:25,0
DA:26,0
DA:29,0
DA:30,0
DA:31,0
DA:34,0
DA:36,0
DA:37,0
DA:41,1
DA:42,0
DA:45,0
DA:48,0
DA:54,0
DA:55,0
DA:56,0
DA:63,0
DA:64,0
DA:65,0
DA:72,1
DA:75,1
LF:30
LH:9
BRDA:4,0,0,1
BRDA:4,0,1,1
BRDA:18,1,0,0
BRDA:18,1,1,0
BRDA:20,2,0,0
BRDA:20,2,1,0
BRDA:30,3,0,0
BRDA:30,3,1,0
BRDA:30,4,0,0
BRDA:30,4,1,0
BRF:10
BRH:2
end_of_record
